
 Performance counter stats for './mandelbrot_pth -2.5 1.5 -2.0 2.0 16 1' (10 runs):

              0,67 msec task-clock                #    0,803 CPUs utilized            ( +-  1,73% )
                 1      context-switches          #    0,001 M/sec                  
                 0      cpu-migrations            #    0,296 K/sec                    ( +- 66,67% )
                85      page-faults               #    0,125 M/sec                    ( +-  0,47% )
         1.446.629      cycles                    #    2,144 GHz                      ( +-  1,69% )  (93,22%)
            79.608      stalled-cycles-frontend   #    5,50% frontend cycles idle     ( +-  6,49% )
           441.861      stalled-cycles-backend    #   30,54% backend cycles idle      ( +-  2,74% )
         1.532.925      instructions              #    1,06  insn per cycle         
                                                  #    0,29  stalled cycles per insn  ( +-  0,47% )
           279.979      branches                  #  414,984 M/sec                    ( +-  0,44% )
     <not counted>      branch-misses                                                 ( +-100,00% )  (6,78%)

         0,0008398 +- 0,0000193 seconds time elapsed  ( +-  2,30% )

Some events weren't counted. Try disabling the NMI watchdog:
	echo 0 > /proc/sys/kernel/nmi_watchdog
	perf stat ...
	echo 1 > /proc/sys/kernel/nmi_watchdog

 Performance counter stats for './mandelbrot_pth -2.5 1.5 -2.0 2.0 32 1' (10 runs):

              0,92 msec task-clock                #    0,865 CPUs utilized            ( +-  3,83% )
                 1      context-switches          #    0,001 M/sec                  
                 0      cpu-migrations            #    0,328 K/sec                    ( +- 50,92% )
                93      page-faults               #    0,102 M/sec                    ( +-  0,51% )
         1.970.968      cycles                    #    2,153 GHz                      ( +-  1,24% )  (92,65%)
            75.106      stalled-cycles-frontend   #    3,81% frontend cycles idle     ( +-  6,69% )
           872.538      stalled-cycles-backend    #   44,27% backend cycles idle      ( +-  1,43% )
         2.419.437      instructions              #    1,23  insn per cycle         
                                                  #    0,36  stalled cycles per insn  ( +-  0,22% )
           380.460      branches                  #  415,515 M/sec                    ( +-  0,25% )
     <not counted>      branch-misses                                                 ( +-100,00% )  (7,35%)

         0,0010588 +- 0,0000429 seconds time elapsed  ( +-  4,05% )

Some events weren't counted. Try disabling the NMI watchdog:
	echo 0 > /proc/sys/kernel/nmi_watchdog
	perf stat ...
	echo 1 > /proc/sys/kernel/nmi_watchdog

 Performance counter stats for './mandelbrot_pth -2.5 1.5 -2.0 2.0 64 1' (10 runs):

              2,00 msec task-clock                #    0,923 CPUs utilized            ( +-  1,56% )
                 1      context-switches          #    0,550 K/sec                    ( +-  9,09% )
                 0      cpu-migrations            #    0,000 K/sec                  
               122      page-faults               #    0,061 M/sec                    ( +-  0,37% )
         4.356.284      cycles                    #    2,179 GHz                      ( +-  1,95% )  (84,04%)
            97.246      stalled-cycles-frontend   #    2,23% frontend cycles idle     ( +-  4,71% )
         2.622.736      stalled-cycles-backend    #   60,21% backend cycles idle      ( +-  0,47% )
         5.880.416      instructions              #    1,35  insn per cycle         
                                                  #    0,45  stalled cycles per insn  ( +-  0,09% )
           774.546      branches                  #  387,484 M/sec                    ( +-  0,12% )
             4.450      branch-misses             #    0,57% of all branches          ( +- 49,98% )  (15,96%)

         0,0021653 +- 0,0000323 seconds time elapsed  ( +-  1,49% )


 Performance counter stats for './mandelbrot_pth -2.5 1.5 -2.0 2.0 128 1' (10 runs):

              5,95 msec task-clock                #    0,969 CPUs utilized            ( +-  3,95% )
                 2      context-switches          #    0,286 K/sec                    ( +- 12,56% )
                 0      cpu-migrations            #    0,000 K/sec                  
               244      page-faults               #    0,041 M/sec                    ( +-  0,16% )
        12.737.744      cycles                    #    2,142 GHz                      ( +-  3,10% )  (42,43%)
           106.425      stalled-cycles-frontend   #    0,84% frontend cycles idle     ( +-  7,06% )  (93,26%)
         9.426.907      stalled-cycles-backend    #   74,01% backend cycles idle      ( +-  0,25% )
        19.613.194      instructions              #    1,54  insn per cycle         
                                                  #    0,48  stalled cycles per insn  ( +-  0,02% )
         2.341.302      branches                  #  393,723 M/sec                    ( +-  0,02% )
            10.495      branch-misses             #    0,45% of all branches          ( +-  8,24% )  (64,30%)

          0,006136 +- 0,000238 seconds time elapsed  ( +-  3,87% )


 Performance counter stats for './mandelbrot_pth -2.5 1.5 -2.0 2.0 256 1' (10 runs):

             19,32 msec task-clock                #    0,990 CPUs utilized            ( +-  2,40% )
                 3      context-switches          #    0,135 K/sec                    ( +-  8,50% )
                 0      cpu-migrations            #    0,000 K/sec                  
               725      page-faults               #    0,038 M/sec                    ( +-  0,04% )
        49.363.274      cycles                    #    2,556 GHz                      ( +-  1,23% )  (73,22%)
           226.692      stalled-cycles-frontend   #    0,46% frontend cycles idle     ( +- 10,50% )  (78,83%)
        34.919.558      stalled-cycles-backend    #   70,74% backend cycles idle      ( +-  1,10% )  (79,30%)
        76.406.612      instructions              #    1,55  insn per cycle         
                                                  #    0,46  stalled cycles per insn  ( +-  1,07% )  (85,07%)
         8.632.092      branches                  #  446,884 M/sec                    ( +-  0,17% )  (97,17%)
            20.953      branch-misses             #    0,24% of all branches          ( +-  2,49% )  (86,41%)

          0,019521 +- 0,000466 seconds time elapsed  ( +-  2,39% )


 Performance counter stats for './mandelbrot_pth -2.5 1.5 -2.0 2.0 512 1' (10 runs):

             63,03 msec task-clock                #    0,995 CPUs utilized            ( +-  1,06% )
                 7      context-switches          #    0,105 K/sec                    ( +-  6,47% )
                 0      cpu-migrations            #    0,002 K/sec                    ( +-100,00% )
             2.644      page-faults               #    0,042 M/sec                    ( +-  0,02% )
       187.659.854      cycles                    #    2,977 GHz                      ( +-  0,35% )  (80,98%)
           290.810      stalled-cycles-frontend   #    0,15% frontend cycles idle     ( +-  6,57% )  (79,09%)
       151.771.180      stalled-cycles-backend    #   80,88% backend cycles idle      ( +-  0,47% )  (81,69%)
       307.026.543      instructions              #    1,64  insn per cycle         
                                                  #    0,49  stalled cycles per insn  ( +-  0,29% )  (86,50%)
        36.334.850      branches                  #  576,476 M/sec                    ( +-  0,18% )  (87,32%)
            60.507      branch-misses             #    0,17% of all branches          ( +-  0,86% )  (84,42%)

          0,063356 +- 0,000673 seconds time elapsed  ( +-  1,06% )


 Performance counter stats for './mandelbrot_pth -2.5 1.5 -2.0 2.0 1024 1' (10 runs):

            225,55 msec task-clock                #    0,998 CPUs utilized            ( +-  0,38% )
                23      context-switches          #    0,102 K/sec                    ( +-  1,51% )
                 0      cpu-migrations            #    0,000 K/sec                    ( +-100,00% )
            10.324      page-faults               #    0,046 M/sec                    ( +-  0,01% )
       762.965.329      cycles                    #    3,383 GHz                      ( +-  0,14% )  (82,72%)
         1.137.745      stalled-cycles-frontend   #    0,15% frontend cycles idle     ( +-  3,58% )  (82,32%)
       597.913.898      stalled-cycles-backend    #   78,37% backend cycles idle      ( +-  0,18% )  (83,28%)
     1.162.413.172      instructions              #    1,52  insn per cycle         
                                                  #    0,51  stalled cycles per insn  ( +-  0,23% )  (83,87%)
       132.470.040      branches                  #  587,324 M/sec                    ( +-  0,72% )  (84,41%)
           193.601      branch-misses             #    0,15% of all branches          ( +-  0,70% )  (83,39%)

          0,226007 +- 0,000848 seconds time elapsed  ( +-  0,38% )


 Performance counter stats for './mandelbrot_pth -2.5 1.5 -2.0 2.0 2048 1' (10 runs):

            861,42 msec task-clock                #    0,983 CPUs utilized            ( +-  0,32% )
                81      context-switches          #    0,094 K/sec                    ( +-  0,97% )
                 0      cpu-migrations            #    0,000 K/sec                  
            41.044      page-faults               #    0,048 M/sec                    ( +-  0,00% )
     3.030.302.207      cycles                    #    3,518 GHz                      ( +-  0,31% )  (83,22%)
         3.694.554      stalled-cycles-frontend   #    0,12% frontend cycles idle     ( +-  1,21% )  (83,25%)
     2.391.968.875      stalled-cycles-backend    #   78,93% backend cycles idle      ( +-  0,37% )  (83,21%)
     4.695.711.149      instructions              #    1,55  insn per cycle         
                                                  #    0,51  stalled cycles per insn  ( +-  0,10% )  (83,44%)
       539.644.948      branches                  #  626,463 M/sec                    ( +-  0,05% )  (83,50%)
           723.029      branch-misses             #    0,13% of all branches          ( +-  0,28% )  (83,39%)

           0,87607 +- 0,00443 seconds time elapsed  ( +-  0,51% )


 Performance counter stats for './mandelbrot_pth -2.5 1.5 -2.0 2.0 4096 1' (10 runs):

          3.382,63 msec task-clock                #    0,972 CPUs utilized            ( +-  0,07% )
               317      context-switches          #    0,094 K/sec                    ( +-  0,29% )
                 0      cpu-migrations            #    0,000 K/sec                    ( +-100,00% )
           163.924      page-faults               #    0,048 M/sec                    ( +-  0,00% )
    12.073.998.861      cycles                    #    3,569 GHz                      ( +-  0,07% )  (83,27%)
        13.246.698      stalled-cycles-frontend   #    0,11% frontend cycles idle     ( +-  1,12% )  (83,33%)
     9.533.609.697      stalled-cycles-backend    #   78,96% backend cycles idle      ( +-  0,09% )  (83,33%)
    18.754.439.378      instructions              #    1,55  insn per cycle         
                                                  #    0,51  stalled cycles per insn  ( +-  0,04% )  (83,38%)
     2.138.847.673      branches                  #  632,303 M/sec                    ( +-  0,03% )  (83,35%)
         2.685.646      branch-misses             #    0,13% of all branches          ( +-  0,11% )  (83,34%)

           3,48008 +- 0,00401 seconds time elapsed  ( +-  0,12% )


 Performance counter stats for './mandelbrot_pth -2.5 1.5 -2.0 2.0 8192 1' (10 runs):

         13.505,66 msec task-clock                #    0,972 CPUs utilized            ( +-  0,30% )
             1.264      context-switches          #    0,094 K/sec                    ( +-  0,30% )
                 0      cpu-migrations            #    0,000 K/sec                    ( +-100,00% )
           655.444      page-faults               #    0,049 M/sec                    ( +-  0,00% )
    48.370.200.959      cycles                    #    3,581 GHz                      ( +-  0,29% )  (83,32%)
        52.756.270      stalled-cycles-frontend   #    0,11% frontend cycles idle     ( +-  1,75% )  (83,34%)
    38.264.251.382      stalled-cycles-backend    #   79,11% backend cycles idle      ( +-  0,37% )  (83,35%)
    75.064.022.137      instructions              #    1,55  insn per cycle         
                                                  #    0,51  stalled cycles per insn  ( +-  0,01% )  (83,34%)
     8.565.668.992      branches                  #  634,228 M/sec                    ( +-  0,02% )  (83,34%)
        10.353.229      branch-misses             #    0,12% of all branches          ( +-  0,16% )  (83,31%)

           13,8906 +- 0,0400 seconds time elapsed  ( +-  0,29% )


 Performance counter stats for './mandelbrot_pth -2.5 1.5 -2.0 2.0 16 2' (10 runs):

              2,79 msec task-clock                #    0,979 CPUs utilized            ( +- 74,03% )
                 2      context-switches          #    0,789 K/sec                    ( +-  9,09% )
                 0      cpu-migrations            #    0,108 K/sec                    ( +- 50,92% )
                87      page-faults               #    0,031 M/sec                    ( +-  0,51% )
         7.110.968      cycles                    #    2,551 GHz                      ( +- 77,56% )  (85,63%)
           270.252      stalled-cycles-frontend   #    3,80% frontend cycles idle     ( +- 62,77% )  (85,67%)
         2.888.474      stalled-cycles-backend    #   40,62% backend cycles idle      ( +- 83,22% )  (85,61%)
        11.267.379      instructions              #    1,58  insn per cycle         
                                                  #    0,26  stalled cycles per insn  ( +- 85,49% )  (85,64%)
         2.068.049      branches                  #  741,968 M/sec                    ( +- 85,51% )  (85,66%)
     <not counted>      branch-misses                                                 ( +-100,00% )  (71,78%)

           0,00285 +- 0,00207 seconds time elapsed  ( +- 72,67% )

Some events weren't counted. Try disabling the NMI watchdog:
	echo 0 > /proc/sys/kernel/nmi_watchdog
	perf stat ...
	echo 1 > /proc/sys/kernel/nmi_watchdog

 Performance counter stats for './mandelbrot_pth -2.5 1.5 -2.0 2.0 32 2' (10 runs):

              0,94 msec task-clock                #    1,082 CPUs utilized            ( +-  3,10% )
                 2      context-switches          #    0,002 M/sec                    ( +-  6,06% )
                 0      cpu-migrations            #    0,425 K/sec                    ( +- 40,82% )
                95      page-faults               #    0,101 M/sec                    ( +-  0,59% )
         2.112.822      cycles                    #    2,246 GHz                      ( +-  1,08% )  (95,28%)
            97.344      stalled-cycles-frontend   #    4,61% frontend cycles idle     ( +-  6,93% )
           908.839      stalled-cycles-backend    #   43,02% backend cycles idle      ( +-  1,18% )
         2.508.572      instructions              #    1,19  insn per cycle         
                                                  #    0,36  stalled cycles per insn  ( +-  0,26% )
           398.877      branches                  #  423,952 M/sec                    ( +-  0,30% )
             1.905      branch-misses             #    0,48% of all branches          ( +- 68,36% )  (4,72%)

         0,0008698 +- 0,0000308 seconds time elapsed  ( +-  3,54% )


 Performance counter stats for './mandelbrot_pth -2.5 1.5 -2.0 2.0 64 2' (10 runs):

              2,07 msec task-clock                #    1,319 CPUs utilized            ( +-  2,42% )
                 2      context-switches          #    0,771 K/sec                    ( +- 10,21% )
                 0      cpu-migrations            #    0,000 K/sec                  
               125      page-faults               #    0,060 M/sec                    ( +-  0,38% )
         4.347.159      cycles                    #    2,095 GHz                      ( +-  0,88% )  (82,33%)
           107.134      stalled-cycles-frontend   #    2,46% frontend cycles idle     ( +-  6,14% )
         2.656.183      stalled-cycles-backend    #   61,10% backend cycles idle      ( +-  0,68% )
         5.967.639      instructions              #    1,37  insn per cycle         
                                                  #    0,45  stalled cycles per insn  ( +-  0,09% )
           792.072      branches                  #  381,753 M/sec                    ( +-  0,13% )
     <not counted>      branch-misses                                                 ( +- 44,49% )  (17,67%)

         0,0015728 +- 0,0000507 seconds time elapsed  ( +-  3,23% )

Some events weren't counted. Try disabling the NMI watchdog:
	echo 0 > /proc/sys/kernel/nmi_watchdog
	perf stat ...
	echo 1 > /proc/sys/kernel/nmi_watchdog

 Performance counter stats for './mandelbrot_pth -2.5 1.5 -2.0 2.0 128 2' (10 runs):

              5,59 msec task-clock                #    1,476 CPUs utilized            ( +-  3,49% )
                 3      context-switches          #    0,483 K/sec                    ( +-  9,64% )
                 0      cpu-migrations            #    0,000 K/sec                  
               244      page-faults               #    0,044 M/sec                    ( +-  0,17% )
        13.165.945      cycles                    #    2,356 GHz                      ( +-  0,31% )  (96,19%)
           126.201      stalled-cycles-frontend   #    0,96% frontend cycles idle     ( +-  3,57% )
         9.515.031      stalled-cycles-backend    #   72,27% backend cycles idle      ( +-  0,24% )
        19.694.263      instructions              #    1,50  insn per cycle         
                                                  #    0,48  stalled cycles per insn  ( +-  0,04% )
         2.357.910      branches                  #  421,988 M/sec                    ( +-  0,06% )
            31.184      branch-misses             #    1,32% of all branches          ( +- 31,28% )  (3,81%)

          0,003785 +- 0,000145 seconds time elapsed  ( +-  3,82% )


 Performance counter stats for './mandelbrot_pth -2.5 1.5 -2.0 2.0 256 2' (10 runs):

             20,31 msec task-clock                #    1,569 CPUs utilized            ( +-  3,51% )
                 3      context-switches          #    0,153 K/sec                    ( +- 10,14% )
                 0      cpu-migrations            #    0,000 K/sec                  
               726      page-faults               #    0,036 M/sec                    ( +-  0,06% )
        48.642.187      cycles                    #    2,395 GHz                      ( +-  1,12% )  (60,55%)
           228.338      stalled-cycles-frontend   #    0,47% frontend cycles idle     ( +-  3,29% )  (65,61%)
        36.488.571      stalled-cycles-backend    #   75,01% backend cycles idle      ( +-  0,84% )  (88,24%)
        74.701.162      instructions              #    1,54  insn per cycle         
                                                  #    0,49  stalled cycles per insn  ( +-  0,01% )  (99,99%)
         8.630.247      branches                  #  424,889 M/sec                    ( +-  0,01% )
            21.091      branch-misses             #    0,24% of all branches          ( +-  2,58% )  (85,61%)

          0,012946 +- 0,000385 seconds time elapsed  ( +-  2,98% )


 Performance counter stats for './mandelbrot_pth -2.5 1.5 -2.0 2.0 512 2' (10 runs):

             68,61 msec task-clock                #    1,588 CPUs utilized            ( +-  0,74% )
                 8      context-switches          #    0,112 K/sec                    ( +-  6,14% )
                 0      cpu-migrations            #    0,001 K/sec                    ( +-100,00% )
             2.645      page-faults               #    0,039 M/sec                    ( +-  0,02% )
       185.958.765      cycles                    #    2,710 GHz                      ( +-  0,47% )  (82,30%)
           320.528      stalled-cycles-frontend   #    0,17% frontend cycles idle     ( +-  6,36% )  (78,06%)
       152.498.906      stalled-cycles-backend    #   82,01% backend cycles idle      ( +-  0,42% )  (79,36%)
       307.274.179      instructions              #    1,65  insn per cycle         
                                                  #    0,50  stalled cycles per insn  ( +-  0,29% )  (86,63%)
        36.224.149      branches                  #  527,934 M/sec                    ( +-  0,16% )  (88,37%)
            60.334      branch-misses             #    0,17% of all branches          ( +-  0,48% )  (85,28%)

          0,043196 +- 0,000403 seconds time elapsed  ( +-  0,93% )


 Performance counter stats for './mandelbrot_pth -2.5 1.5 -2.0 2.0 1024 2' (10 runs):

            233,72 msec task-clock                #    1,633 CPUs utilized            ( +-  0,47% )
                25      context-switches          #    0,106 K/sec                    ( +-  1,45% )
                 1      cpu-migrations            #    0,003 K/sec                    ( +- 25,00% )
            10.327      page-faults               #    0,044 M/sec                    ( +-  0,01% )
       764.673.250      cycles                    #    3,272 GHz                      ( +-  0,30% )  (82,68%)
         1.207.832      stalled-cycles-frontend   #    0,16% frontend cycles idle     ( +-  1,89% )  (82,86%)
       599.009.084      stalled-cycles-backend    #   78,34% backend cycles idle      ( +-  0,21% )  (82,90%)
     1.167.259.610      instructions              #    1,53  insn per cycle         
                                                  #    0,51  stalled cycles per insn  ( +-  0,34% )  (82,81%)
       132.154.868      branches                  #  565,434 M/sec                    ( +-  0,71% )  (83,78%)
           197.260      branch-misses             #    0,15% of all branches          ( +-  0,88% )  (84,97%)

           0,14316 +- 0,00103 seconds time elapsed  ( +-  0,72% )


 Performance counter stats for './mandelbrot_pth -2.5 1.5 -2.0 2.0 2048 2' (10 runs):

            869,74 msec task-clock                #    1,624 CPUs utilized            ( +-  0,20% )
                84      context-switches          #    0,096 K/sec                    ( +-  0,59% )
                 1      cpu-migrations            #    0,001 K/sec                    ( +- 19,95% )
            41.046      page-faults               #    0,047 M/sec                    ( +-  0,00% )
     3.026.969.665      cycles                    #    3,480 GHz                      ( +-  0,12% )  (83,18%)
         3.813.922      stalled-cycles-frontend   #    0,13% frontend cycles idle     ( +-  1,29% )  (83,47%)
     2.377.862.463      stalled-cycles-backend    #   78,56% backend cycles idle      ( +-  0,09% )  (83,67%)
     4.687.677.277      instructions              #    1,55  insn per cycle         
                                                  #    0,51  stalled cycles per insn  ( +-  0,13% )  (83,41%)
       540.676.064      branches                  #  621,650 M/sec                    ( +-  0,07% )  (83,19%)
           722.045      branch-misses             #    0,13% of all branches          ( +-  0,22% )  (83,08%)

           0,53547 +- 0,00174 seconds time elapsed  ( +-  0,32% )


 Performance counter stats for './mandelbrot_pth -2.5 1.5 -2.0 2.0 4096 2' (10 runs):

          3.394,73 msec task-clock                #    1,606 CPUs utilized            ( +-  0,06% )
               323      context-switches          #    0,095 K/sec                    ( +-  0,63% )
                 2      cpu-migrations            #    0,000 K/sec                    ( +- 11,11% )
           163.927      page-faults               #    0,048 M/sec                    ( +-  0,00% )
    12.067.461.228      cycles                    #    3,555 GHz                      ( +-  0,03% )  (83,27%)
        14.066.296      stalled-cycles-frontend   #    0,12% frontend cycles idle     ( +-  0,89% )  (83,29%)
     9.524.529.456      stalled-cycles-backend    #   78,93% backend cycles idle      ( +-  0,02% )  (83,32%)
    18.761.892.378      instructions              #    1,55  insn per cycle         
                                                  #    0,51  stalled cycles per insn  ( +-  0,04% )  (83,41%)
     2.137.995.458      branches                  #  629,799 M/sec                    ( +-  0,07% )  (83,41%)
         2.689.381      branch-misses             #    0,13% of all branches          ( +-  0,18% )  (83,30%)

           2,11431 +- 0,00829 seconds time elapsed  ( +-  0,39% )


 Performance counter stats for './mandelbrot_pth -2.5 1.5 -2.0 2.0 8192 2' (10 runs):

         13.470,99 msec task-clock                #    1,613 CPUs utilized            ( +-  0,06% )
             1.334      context-switches          #    0,099 K/sec                    ( +-  5,47% )
                 2      cpu-migrations            #    0,000 K/sec                    ( +- 14,57% )
           655.446      page-faults               #    0,049 M/sec                    ( +-  0,00% )
    48.204.058.936      cycles                    #    3,578 GHz                      ( +-  0,05% )  (83,31%)
        56.437.609      stalled-cycles-frontend   #    0,12% frontend cycles idle     ( +-  3,86% )  (83,34%)
    38.064.848.992      stalled-cycles-backend    #   78,97% backend cycles idle      ( +-  0,06% )  (83,34%)
    75.055.577.043      instructions              #    1,56  insn per cycle         
                                                  #    0,51  stalled cycles per insn  ( +-  0,01% )  (83,35%)
     8.561.912.382      branches                  #  635,581 M/sec                    ( +-  0,02% )  (83,35%)
        10.371.660      branch-misses             #    0,12% of all branches          ( +-  0,17% )  (83,32%)

           8,34973 +- 0,00797 seconds time elapsed  ( +-  0,10% )


 Performance counter stats for './mandelbrot_pth -2.5 1.5 -2.0 2.0 16 4' (10 runs):

              2,88 msec task-clock                #    1,038 CPUs utilized            ( +- 67,31% )
                 5      context-switches          #    0,002 M/sec                    ( +-  6,78% )
                 1      cpu-migrations            #    0,416 K/sec                    ( +- 20,79% )
                93      page-faults               #    0,032 M/sec                    ( +-  0,64% )
         7.472.008      cycles                    #    2,592 GHz                      ( +- 73,03% )  (83,13%)
           348.824      stalled-cycles-frontend   #    4,67% frontend cycles idle     ( +- 44,78% )  (86,06%)
         3.068.917      stalled-cycles-backend    #   41,07% backend cycles idle      ( +- 80,39% )  (86,10%)
        11.314.726      instructions              #    1,51  insn per cycle         
                                                  #    0,27  stalled cycles per insn  ( +- 83,76% )  (86,09%)
         2.155.597      branches                  #  747,836 M/sec                    ( +- 84,15% )  (94,94%)
     <not counted>      branch-misses                                                 ( +- 80,88% )  (63,69%)

           0,00278 +- 0,00195 seconds time elapsed  ( +- 70,17% )

Some events weren't counted. Try disabling the NMI watchdog:
	echo 0 > /proc/sys/kernel/nmi_watchdog
	perf stat ...
	echo 1 > /proc/sys/kernel/nmi_watchdog

 Performance counter stats for './mandelbrot_pth -2.5 1.5 -2.0 2.0 32 4' (10 runs):

              1,13 msec task-clock                #    1,195 CPUs utilized            ( +-  2,65% )
                 4      context-switches          #    0,004 M/sec                    ( +- 11,34% )
                 1      cpu-migrations            #    0,001 M/sec                    ( +- 27,22% )
               100      page-faults               #    0,088 M/sec                    ( +-  0,50% )
         2.391.010      cycles                    #    2,113 GHz                      ( +-  1,78% )  (96,32%)
           140.254      stalled-cycles-frontend   #    5,87% frontend cycles idle     ( +-  5,84% )
           995.222      stalled-cycles-backend    #   41,62% backend cycles idle      ( +-  1,80% )
         2.677.654      instructions              #    1,12  insn per cycle         
                                                  #    0,37  stalled cycles per insn  ( +-  0,21% )
           433.908      branches                  #  383,366 M/sec                    ( +-  0,25% )
             1.596      branch-misses             #    0,37% of all branches          ( +- 69,39% )  (3,68%)

         0,0009472 +- 0,0000240 seconds time elapsed  ( +-  2,54% )


 Performance counter stats for './mandelbrot_pth -2.5 1.5 -2.0 2.0 64 4' (10 runs):

              2,02 msec task-clock                #    1,337 CPUs utilized            ( +-  2,64% )
                 4      context-switches          #    0,002 M/sec                    ( +-  6,05% )
                 1      cpu-migrations            #    0,642 K/sec                    ( +- 16,42% )
               130      page-faults               #    0,064 M/sec                    ( +-  0,31% )
         4.451.409      cycles                    #    2,199 GHz                      ( +-  3,43% )  (78,67%)
           141.620      stalled-cycles-frontend   #    3,18% frontend cycles idle     ( +-  3,72% )
         2.724.301      stalled-cycles-backend    #   61,20% backend cycles idle      ( +-  0,48% )
         6.163.903      instructions              #    1,38  insn per cycle         
                                                  #    0,44  stalled cycles per insn  ( +-  0,16% )
           831.929      branches                  #  410,944 M/sec                    ( +-  0,21% )
     <not counted>      branch-misses                                                 ( +- 56,49% )  (21,33%)

         0,0015145 +- 0,0000905 seconds time elapsed  ( +-  5,98% )

Some events weren't counted. Try disabling the NMI watchdog:
	echo 0 > /proc/sys/kernel/nmi_watchdog
	perf stat ...
	echo 1 > /proc/sys/kernel/nmi_watchdog

 Performance counter stats for './mandelbrot_pth -2.5 1.5 -2.0 2.0 128 4' (10 runs):

              5,75 msec task-clock                #    1,547 CPUs utilized            ( +-  3,33% )
                 4      context-switches          #    0,713 K/sec                    ( +-  9,23% )
                 1      cpu-migrations            #    0,122 K/sec                    ( +- 37,19% )
               250      page-faults               #    0,044 M/sec                    ( +-  0,20% )
        13.089.781      cycles                    #    2,275 GHz                      ( +-  3,46% )  (35,42%)
           168.073      stalled-cycles-frontend   #    1,28% frontend cycles idle     ( +-  2,27% )
         9.600.975      stalled-cycles-backend    #   73,35% backend cycles idle      ( +-  0,31% )
        19.881.144      instructions              #    1,52  insn per cycle         
                                                  #    0,48  stalled cycles per insn  ( +-  0,05% )
         2.395.347      branches                  #  416,318 M/sec                    ( +-  0,07% )
             8.509      branch-misses             #    0,36% of all branches          ( +- 11,05% )  (64,58%)

          0,003718 +- 0,000129 seconds time elapsed  ( +-  3,48% )


 Performance counter stats for './mandelbrot_pth -2.5 1.5 -2.0 2.0 256 4' (10 runs):

             19,66 msec task-clock                #    1,599 CPUs utilized            ( +-  2,36% )
                 5      context-switches          #    0,259 K/sec                    ( +-  5,43% )
                 0      cpu-migrations            #    0,010 K/sec                    ( +- 66,67% )
               731      page-faults               #    0,037 M/sec                    ( +-  0,07% )
        48.007.661      cycles                    #    2,441 GHz                      ( +-  1,18% )  (55,55%)
           272.268      stalled-cycles-frontend   #    0,57% frontend cycles idle     ( +-  6,29% )  (71,29%)
        36.605.265      stalled-cycles-backend    #   76,25% backend cycles idle      ( +-  0,46% )  (97,38%)
        74.865.108      instructions              #    1,56  insn per cycle         
                                                  #    0,49  stalled cycles per insn  ( +-  0,01% )
         8.663.892      branches                  #  440,576 M/sec                    ( +-  0,02% )
            19.513      branch-misses             #    0,23% of all branches          ( +-  7,09% )  (75,79%)

          0,012301 +- 0,000290 seconds time elapsed  ( +-  2,36% )


 Performance counter stats for './mandelbrot_pth -2.5 1.5 -2.0 2.0 512 4' (10 runs):

             70,65 msec task-clock                #    1,666 CPUs utilized            ( +-  0,95% )
                10      context-switches          #    0,139 K/sec                    ( +-  7,58% )
                 0      cpu-migrations            #    0,003 K/sec                    ( +-100,00% )
             2.650      page-faults               #    0,038 M/sec                    ( +-  0,02% )
       184.739.916      cycles                    #    2,615 GHz                      ( +-  0,39% )  (82,67%)
           360.401      stalled-cycles-frontend   #    0,20% frontend cycles idle     ( +-  4,79% )  (77,47%)
       154.209.098      stalled-cycles-backend    #   83,47% backend cycles idle      ( +-  0,56% )  (79,97%)
       303.420.552      instructions              #    1,64  insn per cycle         
                                                  #    0,51  stalled cycles per insn  ( +-  0,55% )  (85,68%)
        35.862.460      branches                  #  507,642 M/sec                    ( +-  0,63% )  (88,11%)
            62.230      branch-misses             #    0,17% of all branches          ( +-  1,30% )  (86,09%)

          0,042404 +- 0,000494 seconds time elapsed  ( +-  1,16% )


 Performance counter stats for './mandelbrot_pth -2.5 1.5 -2.0 2.0 1024 4' (10 runs):

            239,05 msec task-clock                #    1,736 CPUs utilized            ( +-  0,59% )
                26      context-switches          #    0,108 K/sec                    ( +-  1,07% )
                 0      cpu-migrations            #    0,002 K/sec                    ( +- 55,28% )
            10.330      page-faults               #    0,043 M/sec                    ( +-  0,00% )
       769.911.397      cycles                    #    3,221 GHz                      ( +-  0,33% )  (80,65%)
         1.200.871      stalled-cycles-frontend   #    0,16% frontend cycles idle     ( +-  1,11% )  (80,92%)
       592.294.847      stalled-cycles-backend    #   76,93% backend cycles idle      ( +-  0,25% )  (83,01%)
     1.161.338.766      instructions              #    1,51  insn per cycle         
                                                  #    0,51  stalled cycles per insn  ( +-  0,33% )  (84,17%)
       130.275.291      branches                  #  544,961 M/sec                    ( +-  0,80% )  (86,27%)
           192.978      branch-misses             #    0,15% of all branches          ( +-  0,68% )  (84,98%)

           0,13769 +- 0,00104 seconds time elapsed  ( +-  0,76% )


 Performance counter stats for './mandelbrot_pth -2.5 1.5 -2.0 2.0 2048 4' (10 runs):

            879,68 msec task-clock                #    1,689 CPUs utilized            ( +-  0,24% )
                86      context-switches          #    0,098 K/sec                    ( +-  1,06% )
                 1      cpu-migrations            #    0,002 K/sec                    ( +- 19,05% )
            41.051      page-faults               #    0,047 M/sec                    ( +-  0,00% )
     3.022.967.739      cycles                    #    3,436 GHz                      ( +-  0,17% )  (83,17%)
         4.049.670      stalled-cycles-frontend   #    0,13% frontend cycles idle     ( +-  1,26% )  (83,37%)
     2.374.972.269      stalled-cycles-backend    #   78,56% backend cycles idle      ( +-  0,13% )  (83,64%)
     4.692.168.959      instructions              #    1,55  insn per cycle         
                                                  #    0,51  stalled cycles per insn  ( +-  0,21% )  (83,32%)
       540.658.166      branches                  #  614,608 M/sec                    ( +-  0,09% )  (83,34%)
           719.589      branch-misses             #    0,13% of all branches          ( +-  0,25% )  (83,16%)

           0,52074 +- 0,00386 seconds time elapsed  ( +-  0,74% )


 Performance counter stats for './mandelbrot_pth -2.5 1.5 -2.0 2.0 4096 4' (10 runs):

          3.407,02 msec task-clock                #    1,684 CPUs utilized            ( +-  0,05% )
               360      context-switches          #    0,106 K/sec                    ( +-  0,64% )
                 3      cpu-migrations            #    0,001 K/sec                    ( +- 13,58% )
           163.930      page-faults               #    0,048 M/sec                    ( +-  0,00% )
    12.083.673.262      cycles                    #    3,547 GHz                      ( +-  0,04% )  (83,07%)
        14.558.346      stalled-cycles-frontend   #    0,12% frontend cycles idle     ( +-  1,84% )  (83,24%)
     9.530.070.458      stalled-cycles-backend    #   78,87% backend cycles idle      ( +-  0,04% )  (83,39%)
    18.742.756.097      instructions              #    1,55  insn per cycle         
                                                  #    0,51  stalled cycles per insn  ( +-  0,03% )  (83,54%)
     2.135.272.235      branches                  #  626,728 M/sec                    ( +-  0,03% )  (83,48%)
         2.687.164      branch-misses             #    0,13% of all branches          ( +-  0,21% )  (83,28%)

           2,02372 +- 0,00383 seconds time elapsed  ( +-  0,19% )


 Performance counter stats for './mandelbrot_pth -2.5 1.5 -2.0 2.0 8192 4' (10 runs):

         13.478,63 msec task-clock                #    1,676 CPUs utilized            ( +-  0,04% )
             1.352      context-switches          #    0,100 K/sec                    ( +-  0,27% )
                 3      cpu-migrations            #    0,000 K/sec                    ( +- 13,13% )
           655.450      page-faults               #    0,049 M/sec                    ( +-  0,00% )
    48.173.461.484      cycles                    #    3,574 GHz                      ( +-  0,04% )  (83,31%)
        54.388.088      stalled-cycles-frontend   #    0,11% frontend cycles idle     ( +-  1,44% )  (83,34%)
    38.045.355.168      stalled-cycles-backend    #   78,98% backend cycles idle      ( +-  0,04% )  (83,34%)
    75.063.594.134      instructions              #    1,56  insn per cycle         
                                                  #    0,51  stalled cycles per insn  ( +-  0,01% )  (83,35%)
     8.566.277.907      branches                  #  635,545 M/sec                    ( +-  0,03% )  (83,35%)
        10.354.942      branch-misses             #    0,12% of all branches          ( +-  0,16% )  (83,31%)

           8,04192 +- 0,00379 seconds time elapsed  ( +-  0,05% )


 Performance counter stats for './mandelbrot_pth -2.5 1.5 -2.0 2.0 16 8' (10 runs):

              3,14 msec task-clock                #    1,109 CPUs utilized            ( +- 61,90% )
                 9      context-switches          #    0,003 M/sec                    ( +- 14,65% )
                 2      cpu-migrations            #    0,765 K/sec                    ( +- 17,79% )
               100      page-faults               #    0,032 M/sec                    ( +-  0,52% )
         8.293.736      cycles                    #    2,644 GHz                      ( +- 68,34% )  (84,58%)
           480.976      stalled-cycles-frontend   #    5,80% frontend cycles idle     ( +- 33,24% )  (87,18%)
         3.115.643      stalled-cycles-backend    #   37,57% backend cycles idle      ( +- 73,08% )  (87,16%)
        11.375.922      instructions              #    1,37  insn per cycle         
                                                  #    0,27  stalled cycles per insn  ( +- 80,76% )  (88,94%)
         2.277.544      branches                  #  726,092 M/sec                    ( +- 81,70% )
     <not counted>      branch-misses                                                 ( +- 89,33% )  (52,13%)

           0,00283 +- 0,00193 seconds time elapsed  ( +- 68,41% )

Some events weren't counted. Try disabling the NMI watchdog:
	echo 0 > /proc/sys/kernel/nmi_watchdog
	perf stat ...
	echo 1 > /proc/sys/kernel/nmi_watchdog

 Performance counter stats for './mandelbrot_pth -2.5 1.5 -2.0 2.0 32 8' (10 runs):

              1,39 msec task-clock                #    1,401 CPUs utilized            ( +-  2,42% )
                 8      context-switches          #    0,006 M/sec                    ( +- 13,20% )
                 3      cpu-migrations            #    0,002 M/sec                    ( +- 10,26% )
               108      page-faults               #    0,078 M/sec                    ( +-  0,49% )
         3.125.755      cycles                    #    2,252 GHz                      ( +-  2,80% )  (73,86%)
           274.404      stalled-cycles-frontend   #    8,78% frontend cycles idle     ( +-  5,59% )
         1.237.660      stalled-cycles-backend    #   39,60% backend cycles idle      ( +-  1,67% )
         3.049.425      instructions              #    0,98  insn per cycle         
                                                  #    0,41  stalled cycles per insn  ( +-  0,41% )
           511.134      branches                  #  368,204 M/sec                    ( +-  0,53% )
     <not counted>      branch-misses                                                 ( +- 51,35% )  (26,14%)

         0,0009912 +- 0,0000430 seconds time elapsed  ( +-  4,33% )

Some events weren't counted. Try disabling the NMI watchdog:
	echo 0 > /proc/sys/kernel/nmi_watchdog
	perf stat ...
	echo 1 > /proc/sys/kernel/nmi_watchdog

 Performance counter stats for './mandelbrot_pth -2.5 1.5 -2.0 2.0 64 8' (10 runs):

              2,29 msec task-clock                #    1,575 CPUs utilized            ( +-  2,69% )
                 8      context-switches          #    0,003 M/sec                    ( +- 12,74% )
                 2      cpu-migrations            #    0,874 K/sec                    ( +- 18,26% )
               139      page-faults               #    0,061 M/sec                    ( +-  0,53% )
         5.209.605      cycles                    #    2,277 GHz                      ( +-  1,02% )  (86,71%)
           230.490      stalled-cycles-frontend   #    4,42% frontend cycles idle     ( +-  5,48% )
         2.938.557      stalled-cycles-backend    #   56,41% backend cycles idle      ( +-  0,99% )
         6.498.417      instructions              #    1,25  insn per cycle         
                                                  #    0,45  stalled cycles per insn  ( +-  0,20% )
           902.390      branches                  #  394,387 M/sec                    ( +-  0,30% )
             6.158      branch-misses             #    0,68% of all branches          ( +- 47,06% )  (13,29%)

         0,0014529 +- 0,0000530 seconds time elapsed  ( +-  3,65% )


 Performance counter stats for './mandelbrot_pth -2.5 1.5 -2.0 2.0 128 8' (10 runs):

              5,77 msec task-clock                #    1,753 CPUs utilized            ( +-  2,27% )
                 9      context-switches          #    0,002 M/sec                    ( +-  5,33% )
                 3      cpu-migrations            #    0,503 K/sec                    ( +- 14,94% )
               258      page-faults               #    0,045 M/sec                    ( +-  0,18% )
        14.145.224      cycles                    #    2,452 GHz                      ( +-  0,84% )  (80,91%)
           237.382      stalled-cycles-frontend   #    1,68% frontend cycles idle     ( +-  4,62% )
         9.793.942      stalled-cycles-backend    #   69,24% backend cycles idle      ( +-  0,33% )
        20.249.050      instructions              #    1,43  insn per cycle         
                                                  #    0,48  stalled cycles per insn  ( +-  0,05% )
         2.471.135      branches                  #  428,373 M/sec                    ( +-  0,07% )
             7.481      branch-misses             #    0,30% of all branches          ( +- 31,32% )  (19,09%)

         0,0032908 +- 0,0000997 seconds time elapsed  ( +-  3,03% )


 Performance counter stats for './mandelbrot_pth -2.5 1.5 -2.0 2.0 256 8' (10 runs):

             20,20 msec task-clock                #    1,899 CPUs utilized            ( +-  1,90% )
                11      context-switches          #    0,560 K/sec                    ( +-  7,11% )
                 3      cpu-migrations            #    0,144 K/sec                    ( +-  9,55% )
               738      page-faults               #    0,037 M/sec                    ( +-  0,06% )
        48.942.499      cycles                    #    2,423 GHz                      ( +-  1,87% )  (43,28%)
           347.076      stalled-cycles-frontend   #    0,71% frontend cycles idle     ( +-  4,88% )  (75,99%)
        37.198.294      stalled-cycles-backend    #   76,00% backend cycles idle      ( +-  0,20% )  (98,68%)
        75.258.386      instructions              #    1,54  insn per cycle         
                                                  #    0,49  stalled cycles per insn  ( +-  0,02% )
         8.743.717      branches                  #  432,932 M/sec                    ( +-  0,03% )
            23.709      branch-misses             #    0,27% of all branches          ( +-  5,46% )  (82,05%)

          0,010636 +- 0,000349 seconds time elapsed  ( +-  3,28% )


 Performance counter stats for './mandelbrot_pth -2.5 1.5 -2.0 2.0 512 8' (10 runs):

             74,44 msec task-clock                #    1,950 CPUs utilized            ( +-  1,02% )
                16      context-switches          #    0,214 K/sec                    ( +-  5,42% )
                 3      cpu-migrations            #    0,046 K/sec                    ( +-  7,84% )
             2.659      page-faults               #    0,036 M/sec                    ( +-  0,02% )
       182.731.727      cycles                    #    2,455 GHz                      ( +-  0,52% )  (85,31%)
           290.754      stalled-cycles-frontend   #    0,16% frontend cycles idle     ( +-  2,24% )  (79,65%)
       152.201.341      stalled-cycles-backend    #   83,29% backend cycles idle      ( +-  0,68% )  (73,12%)
       308.390.914      instructions              #    1,69  insn per cycle         
                                                  #    0,49  stalled cycles per insn  ( +-  0,23% )  (85,76%)
        36.053.363      branches                  #  484,344 M/sec                    ( +-  0,30% )  (89,27%)
            65.743      branch-misses             #    0,18% of all branches          ( +-  0,68% )  (86,89%)

          0,038169 +- 0,000312 seconds time elapsed  ( +-  0,82% )


 Performance counter stats for './mandelbrot_pth -2.5 1.5 -2.0 2.0 1024 8' (10 runs):

            245,38 msec task-clock                #    2,027 CPUs utilized            ( +-  0,65% )
                31      context-switches          #    0,125 K/sec                    ( +-  2,08% )
                 4      cpu-migrations            #    0,017 K/sec                    ( +-  5,69% )
            10.338      page-faults               #    0,042 M/sec                    ( +-  0,00% )
       774.913.741      cycles                    #    3,158 GHz                      ( +-  0,14% )  (80,04%)
         1.331.980      stalled-cycles-frontend   #    0,17% frontend cycles idle     ( +-  1,15% )  (82,96%)
       596.864.306      stalled-cycles-backend    #   77,02% backend cycles idle      ( +-  0,17% )  (83,71%)
     1.162.496.882      instructions              #    1,50  insn per cycle         
                                                  #    0,51  stalled cycles per insn  ( +-  0,29% )  (83,73%)
       130.280.141      branches                  #  530,931 M/sec                    ( +-  0,31% )  (84,16%)
           198.317      branch-misses             #    0,15% of all branches          ( +-  0,92% )  (85,40%)

          0,121066 +- 0,000848 seconds time elapsed  ( +-  0,70% )


 Performance counter stats for './mandelbrot_pth -2.5 1.5 -2.0 2.0 2048 8' (10 runs):

            884,72 msec task-clock                #    1,957 CPUs utilized            ( +-  0,19% )
                95      context-switches          #    0,108 K/sec                    ( +-  0,96% )
                 5      cpu-migrations            #    0,006 K/sec                    ( +-  4,80% )
            41.058      page-faults               #    0,046 M/sec                    ( +-  0,00% )
     3.024.493.832      cycles                    #    3,419 GHz                      ( +-  0,12% )  (83,22%)
         4.184.662      stalled-cycles-frontend   #    0,14% frontend cycles idle     ( +-  1,89% )  (84,07%)
     2.369.029.064      stalled-cycles-backend    #   78,33% backend cycles idle      ( +-  0,06% )  (84,45%)
     4.695.488.533      instructions              #    1,55  insn per cycle         
                                                  #    0,50  stalled cycles per insn  ( +-  0,15% )  (83,64%)
       541.851.305      branches                  #  612,454 M/sec                    ( +-  0,10% )  (82,27%)
           735.583      branch-misses             #    0,14% of all branches          ( +-  0,28% )  (82,35%)

           0,45201 +- 0,00179 seconds time elapsed  ( +-  0,40% )


 Performance counter stats for './mandelbrot_pth -2.5 1.5 -2.0 2.0 4096 8' (10 runs):

          3.417,27 msec task-clock                #    1,932 CPUs utilized            ( +-  0,07% )
               347      context-switches          #    0,102 K/sec                    ( +-  0,61% )
                 7      cpu-migrations            #    0,002 K/sec                    ( +-  5,41% )
           163.938      page-faults               #    0,048 M/sec                    ( +-  0,00% )
    12.088.185.761      cycles                    #    3,537 GHz                      ( +-  0,05% )  (83,09%)
        15.111.023      stalled-cycles-frontend   #    0,13% frontend cycles idle     ( +-  1,30% )  (83,23%)
     9.523.262.958      stalled-cycles-backend    #   78,78% backend cycles idle      ( +-  0,05% )  (83,30%)
    18.743.968.776      instructions              #    1,55  insn per cycle         
                                                  #    0,51  stalled cycles per insn  ( +-  0,04% )  (83,53%)
     2.136.140.802      branches                  #  625,102 M/sec                    ( +-  0,06% )  (83,58%)
         2.695.073      branch-misses             #    0,13% of all branches          ( +-  0,09% )  (83,27%)

           1,76834 +- 0,00651 seconds time elapsed  ( +-  0,37% )


 Performance counter stats for './mandelbrot_pth -2.5 1.5 -2.0 2.0 8192 8' (10 runs):

         13.526,88 msec task-clock                #    1,926 CPUs utilized            ( +-  0,10% )
             1.334      context-switches          #    0,099 K/sec                    ( +-  0,29% )
                15      cpu-migrations            #    0,001 K/sec                    ( +-  5,87% )
           655.459      page-faults               #    0,048 M/sec                    ( +-  0,00% )
    48.298.675.829      cycles                    #    3,571 GHz                      ( +-  0,09% )  (83,26%)
        59.326.797      stalled-cycles-frontend   #    0,12% frontend cycles idle     ( +-  1,85% )  (83,33%)
    38.155.518.925      stalled-cycles-backend    #   79,00% backend cycles idle      ( +-  0,13% )  (83,36%)
    75.055.296.243      instructions              #    1,55  insn per cycle         
                                                  #    0,51  stalled cycles per insn  ( +-  0,01% )  (83,40%)
     8.560.625.370      branches                  #  632,860 M/sec                    ( +-  0,01% )  (83,38%)
        10.386.375      branch-misses             #    0,12% of all branches          ( +-  0,10% )  (83,27%)

            7,0235 +- 0,0102 seconds time elapsed  ( +-  0,15% )


 Performance counter stats for './mandelbrot_pth -2.5 1.5 -2.0 2.0 16 16' (10 runs):

              3,62 msec task-clock                #    1,138 CPUs utilized            ( +- 57,31% )
                12      context-switches          #    0,003 M/sec                    ( +- 10,06% )
                 2      cpu-migrations            #    0,663 K/sec                    ( +- 11,11% )
               117      page-faults               #    0,032 M/sec                    ( +-  0,63% )
         8.677.800      cycles                    #    2,397 GHz                      ( +- 63,37% )  (87,15%)
           559.735      stalled-cycles-frontend   #    6,45% frontend cycles idle     ( +- 33,11% )  (88,86%)
         3.407.384      stalled-cycles-backend    #   39,27% backend cycles idle      ( +- 70,30% )  (88,83%)
        12.288.912      instructions              #    1,42  insn per cycle         
                                                  #    0,28  stalled cycles per insn  ( +- 77,09% )  (88,83%)
         2.317.818      branches                  #  640,135 M/sec                    ( +- 76,46% )  (89,79%)
            12.895      branch-misses             #    0,56% of all branches          ( +- 66,17% )  (56,53%)

           0,00318 +- 0,00207 seconds time elapsed  ( +- 64,99% )


 Performance counter stats for './mandelbrot_pth -2.5 1.5 -2.0 2.0 32 16' (10 runs):

              1,81 msec task-clock                #    1,568 CPUs utilized            ( +-  1,97% )
                10      context-switches          #    0,006 M/sec                    ( +- 10,42% )
                 3      cpu-migrations            #    0,001 M/sec                    ( +- 22,12% )
               126      page-faults               #    0,069 M/sec                    ( +-  0,52% )
         3.874.984      cycles                    #    2,136 GHz                      ( +-  2,35% )  (83,38%)
           411.931      stalled-cycles-frontend   #   10,63% frontend cycles idle     ( +-  5,13% )
         1.576.237      stalled-cycles-backend    #   40,68% backend cycles idle      ( +-  2,35% )
         3.694.922      instructions              #    0,95  insn per cycle         
                                                  #    0,43  stalled cycles per insn  ( +-  0,34% )
           645.432      branches                  #  355,770 M/sec                    ( +-  0,41% )
     <not counted>      branch-misses                                                 ( +- 66,70% )  (16,62%)

         0,0011569 +- 0,0000341 seconds time elapsed  ( +-  2,95% )

Some events weren't counted. Try disabling the NMI watchdog:
	echo 0 > /proc/sys/kernel/nmi_watchdog
	perf stat ...
	echo 1 > /proc/sys/kernel/nmi_watchdog

 Performance counter stats for './mandelbrot_pth -2.5 1.5 -2.0 2.0 64 16' (10 runs):

              2,62 msec task-clock                #    1,911 CPUs utilized            ( +-  2,76% )
                16      context-switches          #    0,006 M/sec                    ( +-  6,42% )
                 4      cpu-migrations            #    0,001 M/sec                    ( +- 19,63% )
               154      page-faults               #    0,059 M/sec                    ( +-  0,21% )
         6.202.806      cycles                    #    2,363 GHz                      ( +-  2,81% )  (84,87%)
           447.612      stalled-cycles-frontend   #    7,22% frontend cycles idle     ( +-  5,16% )
         3.378.331      stalled-cycles-backend    #   54,46% backend cycles idle      ( +-  1,23% )
         7.182.842      instructions              #    1,16  insn per cycle         
                                                  #    0,47  stalled cycles per insn  ( +-  0,19% )
         1.044.815      branches                  #  398,063 M/sec                    ( +-  0,26% )
     <not counted>      branch-misses                                                 ( +- 47,30% )  (15,13%)

         0,0013737 +- 0,0000471 seconds time elapsed  ( +-  3,43% )

Some events weren't counted. Try disabling the NMI watchdog:
	echo 0 > /proc/sys/kernel/nmi_watchdog
	perf stat ...
	echo 1 > /proc/sys/kernel/nmi_watchdog

 Performance counter stats for './mandelbrot_pth -2.5 1.5 -2.0 2.0 128 16' (10 runs):

              5,83 msec task-clock                #    2,167 CPUs utilized            ( +-  2,25% )
                18      context-switches          #    0,003 M/sec                    ( +-  4,76% )
                 6      cpu-migrations            #    0,978 K/sec                    ( +- 14,81% )
               275      page-faults               #    0,047 M/sec                    ( +-  0,26% )
        15.147.133      cycles                    #    2,598 GHz                      ( +-  4,96% )  (67,10%)
           388.411      stalled-cycles-frontend   #    2,56% frontend cycles idle     ( +-  3,26% )
        10.173.614      stalled-cycles-backend    #   67,17% backend cycles idle      ( +-  0,44% )
        20.918.805      instructions              #    1,38  insn per cycle         
                                                  #    0,49  stalled cycles per insn  ( +-  0,08% )
         2.611.483      branches                  #  447,860 M/sec                    ( +-  0,12% )
            13.730      branch-misses             #    0,53% of all branches          ( +- 35,80% )  (32,90%)

          0,002691 +- 0,000113 seconds time elapsed  ( +-  4,19% )


 Performance counter stats for './mandelbrot_pth -2.5 1.5 -2.0 2.0 256 16' (10 runs):

             19,60 msec task-clock                #    2,373 CPUs utilized            ( +-  2,46% )
                20      context-switches          #    0,001 M/sec                    ( +-  5,55% )
                 8      cpu-migrations            #    0,383 K/sec                    ( +-  7,76% )
               756      page-faults               #    0,039 M/sec                    ( +-  0,09% )
        49.774.658      cycles                    #    2,540 GHz                      ( +-  1,35% )  (48,40%)
           502.747      stalled-cycles-frontend   #    1,01% frontend cycles idle     ( +-  3,84% )  (92,28%)
        37.692.206      stalled-cycles-backend    #   75,73% backend cycles idle      ( +-  0,22% )
        75.999.482      instructions              #    1,53  insn per cycle         
                                                  #    0,50  stalled cycles per insn  ( +-  0,02% )
         8.897.745      branches                  #  454,064 M/sec                    ( +-  0,04% )
            23.419      branch-misses             #    0,26% of all branches          ( +-  7,43% )  (59,33%)

          0,008256 +- 0,000269 seconds time elapsed  ( +-  3,26% )


 Performance counter stats for './mandelbrot_pth -2.5 1.5 -2.0 2.0 512 16' (10 runs):

             78,09 msec task-clock                #    2,564 CPUs utilized            ( +-  1,14% )
                28      context-switches          #    0,362 K/sec                    ( +-  4,31% )
                 7      cpu-migrations            #    0,095 K/sec                    ( +-  4,13% )
             2.675      page-faults               #    0,034 M/sec                    ( +-  0,03% )
       190.979.911      cycles                    #    2,446 GHz                      ( +-  0,29% )  (93,60%)
           425.355      stalled-cycles-frontend   #    0,22% frontend cycles idle     ( +-  7,81% )  (75,14%)
       148.094.543      stalled-cycles-backend    #   77,54% backend cycles idle      ( +-  0,78% )  (67,99%)
       311.296.378      instructions              #    1,63  insn per cycle         
                                                  #    0,48  stalled cycles per insn  ( +-  0,69% )  (77,67%)
        35.686.855      branches                  #  457,003 M/sec                    ( +-  1,04% )  (90,01%)
            68.702      branch-misses             #    0,19% of all branches          ( +-  0,87% )  (95,58%)

          0,030453 +- 0,000835 seconds time elapsed  ( +-  2,74% )


 Performance counter stats for './mandelbrot_pth -2.5 1.5 -2.0 2.0 1024 16' (10 runs):

            246,31 msec task-clock                #    2,547 CPUs utilized            ( +-  0,29% )
                46      context-switches          #    0,186 K/sec                    ( +-  3,26% )
                 7      cpu-migrations            #    0,029 K/sec                    ( +-  7,98% )
            10.356      page-faults               #    0,042 M/sec                    ( +-  0,01% )
       776.716.980      cycles                    #    3,153 GHz                      ( +-  0,27% )  (77,31%)
         1.638.849      stalled-cycles-frontend   #    0,21% frontend cycles idle     ( +-  1,82% )  (81,15%)
       589.381.847      stalled-cycles-backend    #   75,88% backend cycles idle      ( +-  0,47% )  (84,09%)
     1.156.640.142      instructions              #    1,49  insn per cycle         
                                                  #    0,51  stalled cycles per insn  ( +-  0,34% )  (85,95%)
       127.587.307      branches                  #  517,987 M/sec                    ( +-  0,33% )  (88,44%)
           206.034      branch-misses             #    0,16% of all branches          ( +-  0,79% )  (83,07%)

          0,096702 +- 0,000887 seconds time elapsed  ( +-  0,92% )


 Performance counter stats for './mandelbrot_pth -2.5 1.5 -2.0 2.0 2048 16' (10 runs):

            881,18 msec task-clock                #    2,464 CPUs utilized            ( +-  0,21% )
               113      context-switches          #    0,128 K/sec                    ( +-  0,68% )
                10      cpu-migrations            #    0,011 K/sec                    ( +-  5,21% )
            41.075      page-faults               #    0,047 M/sec                    ( +-  0,00% )
     3.021.282.814      cycles                    #    3,429 GHz                      ( +-  0,17% )  (83,91%)
         4.635.745      stalled-cycles-frontend   #    0,15% frontend cycles idle     ( +-  1,22% )  (85,01%)
     2.372.899.425      stalled-cycles-backend    #   78,54% backend cycles idle      ( +-  0,17% )  (85,37%)
     4.692.871.152      instructions              #    1,55  insn per cycle         
                                                  #    0,51  stalled cycles per insn  ( +-  0,13% )  (82,86%)
       546.952.546      branches                  #  620,702 M/sec                    ( +-  0,17% )  (80,33%)
           722.326      branch-misses             #    0,13% of all branches          ( +-  0,42% )  (82,52%)

           0,35764 +- 0,00281 seconds time elapsed  ( +-  0,79% )


 Performance counter stats for './mandelbrot_pth -2.5 1.5 -2.0 2.0 4096 16' (10 runs):

          3.425,26 msec task-clock                #    2,451 CPUs utilized            ( +-  0,06% )
               381      context-switches          #    0,111 K/sec                    ( +-  0,58% )
                14      cpu-migrations            #    0,004 K/sec                    ( +-  4,79% )
           163.956      page-faults               #    0,048 M/sec                    ( +-  0,00% )
    12.108.005.346      cycles                    #    3,535 GHz                      ( +-  0,06% )  (83,07%)
        16.182.311      stalled-cycles-frontend   #    0,13% frontend cycles idle     ( +-  1,15% )  (83,09%)
     9.529.349.331      stalled-cycles-backend    #   78,70% backend cycles idle      ( +-  0,07% )  (83,16%)
    18.735.114.306      instructions              #    1,55  insn per cycle         
                                                  #    0,51  stalled cycles per insn  ( +-  0,06% )  (83,44%)
     2.136.013.078      branches                  #  623,606 M/sec                    ( +-  0,06% )  (83,72%)
         2.692.015      branch-misses             #    0,13% of all branches          ( +-  0,15% )  (83,53%)

           1,39774 +- 0,00564 seconds time elapsed  ( +-  0,40% )


 Performance counter stats for './mandelbrot_pth -2.5 1.5 -2.0 2.0 8192 16' (10 runs):

         13.568,73 msec task-clock                #    2,448 CPUs utilized            ( +-  0,15% )
             1.419      context-switches          #    0,105 K/sec                    ( +-  0,32% )
                26      cpu-migrations            #    0,002 K/sec                    ( +-  5,69% )
           655.476      page-faults               #    0,048 M/sec                    ( +-  0,00% )
    48.406.351.968      cycles                    #    3,567 GHz                      ( +-  0,14% )  (83,27%)
        60.751.783      stalled-cycles-frontend   #    0,13% frontend cycles idle     ( +-  2,18% )  (83,33%)
    38.232.983.350      stalled-cycles-backend    #   78,98% backend cycles idle      ( +-  0,18% )  (83,38%)
    75.079.985.721      instructions              #    1,55  insn per cycle         
                                                  #    0,51  stalled cycles per insn  ( +-  0,02% )  (83,35%)
     8.567.838.081      branches                  #  631,440 M/sec                    ( +-  0,03% )  (83,36%)
        10.373.340      branch-misses             #    0,12% of all branches          ( +-  0,12% )  (83,31%)

            5,5436 +- 0,0167 seconds time elapsed  ( +-  0,30% )


 Performance counter stats for './mandelbrot_pth -2.5 1.5 -2.0 2.0 16 32' (10 runs):

              4,23 msec task-clock                #    1,229 CPUs utilized            ( +- 46,19% )
                17      context-switches          #    0,004 M/sec                    ( +-  7,60% )
                 2      cpu-migrations            #    0,544 K/sec                    ( +- 18,39% )
               150      page-faults               #    0,036 M/sec                    ( +-  0,55% )
        10.526.683      cycles                    #    2,488 GHz                      ( +- 52,59% )  (87,26%)
           879.683      stalled-cycles-frontend   #    8,36% frontend cycles idle     ( +- 18,74% )  (90,38%)
         4.290.028      stalled-cycles-backend    #   40,75% backend cycles idle      ( +- 57,93% )  (90,38%)
        13.519.924      instructions              #    1,28  insn per cycle         
                                                  #    0,32  stalled cycles per insn  ( +- 69,58% )  (90,41%)
         2.582.265      branches                  #  610,387 M/sec                    ( +- 68,44% )  (94,55%)
     <not counted>      branch-misses                                                 ( +- 73,95% )  (47,01%)

           0,00344 +- 0,00196 seconds time elapsed  ( +- 57,01% )

Some events weren't counted. Try disabling the NMI watchdog:
	echo 0 > /proc/sys/kernel/nmi_watchdog
	perf stat ...
	echo 1 > /proc/sys/kernel/nmi_watchdog

 Performance counter stats for './mandelbrot_pth -2.5 1.5 -2.0 2.0 32 32' (10 runs):

              2,43 msec task-clock                #    1,605 CPUs utilized            ( +-  2,99% )
                15      context-switches          #    0,006 M/sec                    ( +- 13,84% )
                 3      cpu-migrations            #    0,001 M/sec                    ( +- 21,16% )
               157      page-faults               #    0,065 M/sec                    ( +-  0,34% )
         5.434.894      cycles                    #    2,234 GHz                      ( +-  2,67% )  (82,96%)
           686.697      stalled-cycles-frontend   #   12,63% frontend cycles idle     ( +-  3,85% )
         2.280.787      stalled-cycles-backend    #   41,97% backend cycles idle      ( +-  2,03% )
         4.940.741      instructions              #    0,91  insn per cycle         
                                                  #    0,46  stalled cycles per insn  ( +-  0,50% )
           904.464      branches                  #  371,737 M/sec                    ( +-  0,60% )
     <not counted>      branch-misses                                                 ( +- 53,38% )  (17,04%)

         0,0015163 +- 0,0000542 seconds time elapsed  ( +-  3,58% )

Some events weren't counted. Try disabling the NMI watchdog:
	echo 0 > /proc/sys/kernel/nmi_watchdog
	perf stat ...
	echo 1 > /proc/sys/kernel/nmi_watchdog

 Performance counter stats for './mandelbrot_pth -2.5 1.5 -2.0 2.0 64 32' (10 runs):

              3,37 msec task-clock                #    2,031 CPUs utilized            ( +-  2,63% )
                23      context-switches          #    0,007 M/sec                    ( +-  7,65% )
                 3      cpu-migrations            #    0,950 K/sec                    ( +- 29,02% )
               188      page-faults               #    0,056 M/sec                    ( +-  0,35% )
         7.858.276      cycles                    #    2,332 GHz                      ( +-  0,86% )  (84,54%)
           740.946      stalled-cycles-frontend   #    9,43% frontend cycles idle     ( +-  3,80% )
         4.010.708      stalled-cycles-backend    #   51,04% backend cycles idle      ( +-  0,83% )
         8.489.822      instructions              #    1,08  insn per cycle         
                                                  #    0,47  stalled cycles per insn  ( +-  0,22% )
         1.316.830      branches                  #  390,843 M/sec                    ( +-  0,31% )
     <not counted>      branch-misses                                                 ( +- 37,27% )  (15,46%)

         0,0016589 +- 0,0000749 seconds time elapsed  ( +-  4,51% )

Some events weren't counted. Try disabling the NMI watchdog:
	echo 0 > /proc/sys/kernel/nmi_watchdog
	perf stat ...
	echo 1 > /proc/sys/kernel/nmi_watchdog

 Performance counter stats for './mandelbrot_pth -2.5 1.5 -2.0 2.0 128 32' (10 runs):

              6,72 msec task-clock                #    2,347 CPUs utilized            ( +-  3,13% )
                30      context-switches          #    0,004 M/sec                    ( +-  7,29% )
                 5      cpu-migrations            #    0,788 K/sec                    ( +- 19,90% )
               306      page-faults               #    0,046 M/sec                    ( +-  0,20% )
        16.511.779      cycles                    #    2,455 GHz                      ( +-  2,10% )  (77,55%)
           751.864      stalled-cycles-frontend   #    4,55% frontend cycles idle     ( +-  5,54% )
        10.834.841      stalled-cycles-backend    #   65,62% backend cycles idle      ( +-  0,75% )
        22.319.952      instructions              #    1,35  insn per cycle         
                                                  #    0,49  stalled cycles per insn  ( +-  0,17% )
         2.902.346      branches                  #  431,598 M/sec                    ( +-  0,29% )
            18.383      branch-misses             #    0,63% of all branches          ( +- 27,14% )  (22,45%)

         0,0028650 +- 0,0000977 seconds time elapsed  ( +-  3,41% )


 Performance counter stats for './mandelbrot_pth -2.5 1.5 -2.0 2.0 256 32' (10 runs):

             19,32 msec task-clock                #    2,658 CPUs utilized            ( +-  1,69% )
                36      context-switches          #    0,002 M/sec                    ( +-  4,14% )
                13      cpu-migrations            #    0,657 K/sec                    ( +- 11,32% )
               788      page-faults               #    0,041 M/sec                    ( +-  0,05% )
        51.884.764      cycles                    #    2,685 GHz                      ( +-  1,04% )  (40,70%)
           804.580      stalled-cycles-frontend   #    1,55% frontend cycles idle     ( +-  3,12% )  (93,88%)
        38.370.734      stalled-cycles-backend    #   73,95% backend cycles idle      ( +-  0,22% )
        77.366.839      instructions              #    1,49  insn per cycle         
                                                  #    0,50  stalled cycles per insn  ( +-  0,03% )
         9.181.778      branches                  #  475,156 M/sec                    ( +-  0,04% )
            27.739      branch-misses             #    0,30% of all branches          ( +-  8,25% )  (65,41%)

          0,007270 +- 0,000149 seconds time elapsed  ( +-  2,05% )


 Performance counter stats for './mandelbrot_pth -2.5 1.5 -2.0 2.0 512 32' (10 runs):

             76,54 msec task-clock                #    2,948 CPUs utilized            ( +-  0,58% )
                45      context-switches          #    0,588 K/sec                    ( +-  3,26% )
                17      cpu-migrations            #    0,225 K/sec                    ( +-  7,45% )
             2.709      page-faults               #    0,035 M/sec                    ( +-  0,02% )
       194.067.020      cycles                    #    2,536 GHz                      ( +-  0,76% )  (77,37%)
           829.484      stalled-cycles-frontend   #    0,43% frontend cycles idle     ( +- 17,90% )  (58,11%)
       141.887.537      stalled-cycles-backend    #   73,11% backend cycles idle      ( +-  1,39% )  (73,06%)
       303.066.927      instructions              #    1,56  insn per cycle         
                                                  #    0,47  stalled cycles per insn  ( +-  0,66% )  (94,78%)
        34.295.432      branches                  #  448,092 M/sec                    ( +-  0,03% )  (99,98%)
            71.675      branch-misses             #    0,21% of all branches          ( +-  0,49% )  (96,70%)

          0,025958 +- 0,000421 seconds time elapsed  ( +-  1,62% )


 Performance counter stats for './mandelbrot_pth -2.5 1.5 -2.0 2.0 1024 32' (10 runs):

            246,41 msec task-clock                #    2,822 CPUs utilized            ( +-  0,57% )
                73      context-switches          #    0,295 K/sec                    ( +-  2,80% )
                17      cpu-migrations            #    0,068 K/sec                    ( +-  5,79% )
            10.389      page-faults               #    0,042 M/sec                    ( +-  0,01% )
       784.823.811      cycles                    #    3,185 GHz                      ( +-  0,66% )  (77,43%)
         3.925.526      stalled-cycles-frontend   #    0,50% frontend cycles idle     ( +- 37,62% )  (76,31%)
       580.746.097      stalled-cycles-backend    #   74,00% backend cycles idle      ( +-  0,34% )  (81,41%)
     1.159.316.794      instructions              #    1,48  insn per cycle         
                                                  #    0,50  stalled cycles per insn  ( +-  0,40% )  (87,15%)
       127.497.891      branches                  #  517,415 M/sec                    ( +-  0,55% )  (91,29%)
           209.775      branch-misses             #    0,16% of all branches          ( +-  0,74% )  (86,40%)

           0,08732 +- 0,00139 seconds time elapsed  ( +-  1,59% )


 Performance counter stats for './mandelbrot_pth -2.5 1.5 -2.0 2.0 2048 32' (10 runs):

            880,33 msec task-clock                #    2,762 CPUs utilized            ( +-  0,17% )
               150      context-switches          #    0,171 K/sec                    ( +-  2,45% )
                18      cpu-migrations            #    0,021 K/sec                    ( +-  7,06% )
            41.108      page-faults               #    0,047 M/sec                    ( +-  0,00% )
     3.016.807.896      cycles                    #    3,427 GHz                      ( +-  0,12% )  (83,85%)
         5.353.711      stalled-cycles-frontend   #    0,18% frontend cycles idle     ( +-  0,71% )  (85,46%)
     2.381.624.814      stalled-cycles-backend    #   78,95% backend cycles idle      ( +-  0,19% )  (85,48%)
     4.669.049.134      instructions              #    1,55  insn per cycle         
                                                  #    0,51  stalled cycles per insn  ( +-  0,16% )  (82,13%)
       547.038.032      branches                  #  621,400 M/sec                    ( +-  0,37% )  (80,74%)
           728.483      branch-misses             #    0,13% of all branches          ( +-  0,42% )  (82,35%)

           0,31878 +- 0,00131 seconds time elapsed  ( +-  0,41% )


 Performance counter stats for './mandelbrot_pth -2.5 1.5 -2.0 2.0 4096 32' (10 runs):

          3.416,18 msec task-clock                #    2,734 CPUs utilized            ( +-  0,04% )
               472      context-switches          #    0,138 K/sec                    ( +-  0,72% )
                29      cpu-migrations            #    0,008 K/sec                    ( +-  7,12% )
           163.987      page-faults               #    0,048 M/sec                    ( +-  0,00% )
    12.101.705.654      cycles                    #    3,542 GHz                      ( +-  0,02% )  (82,03%)
        17.602.765      stalled-cycles-frontend   #    0,15% frontend cycles idle     ( +-  1,50% )  (82,47%)
     9.521.218.934      stalled-cycles-backend    #   78,68% backend cycles idle      ( +-  0,03% )  (83,30%)
    18.805.078.465      instructions              #    1,55  insn per cycle         
                                                  #    0,51  stalled cycles per insn  ( +-  0,05% )  (84,06%)
     2.128.420.948      branches                  #  623,042 M/sec                    ( +-  0,07% )  (84,54%)
         2.704.070      branch-misses             #    0,13% of all branches          ( +-  0,15% )  (83,61%)

           1,24952 +- 0,00800 seconds time elapsed  ( +-  0,64% )


 Performance counter stats for './mandelbrot_pth -2.5 1.5 -2.0 2.0 8192 32' (10 runs):

         13.525,40 msec task-clock                #    2,763 CPUs utilized            ( +-  0,05% )
             1.704      context-switches          #    0,126 K/sec                    ( +-  0,77% )
                59      cpu-migrations            #    0,004 K/sec                    ( +-  2,95% )
           655.507      page-faults               #    0,048 M/sec                    ( +-  0,00% )
    48.315.201.072      cycles                    #    3,572 GHz                      ( +-  0,07% )  (83,15%)
        65.070.339      stalled-cycles-frontend   #    0,13% frontend cycles idle     ( +-  2,79% )  (83,32%)
    38.093.075.153      stalled-cycles-backend    #   78,84% backend cycles idle      ( +-  0,04% )  (83,46%)
    75.074.643.077      instructions              #    1,55  insn per cycle         
                                                  #    0,51  stalled cycles per insn  ( +-  0,03% )  (83,48%)
     8.568.468.183      branches                  #  633,509 M/sec                    ( +-  0,06% )  (83,35%)
        10.393.189      branch-misses             #    0,12% of all branches          ( +-  0,15% )  (83,24%)

            4,8957 +- 0,0260 seconds time elapsed  ( +-  0,53% )

