
 Performance counter stats for './mandelbrot_pth -0.8 -0.7 0.05 0.15 16 1' (10 runs):

              0,80 msec task-clock                #    0,840 CPUs utilized            ( +-  4,80% )
                 1      context-switches          #    0,001 M/sec                    ( +-  9,09% )
                 0      cpu-migrations            #    0,626 K/sec                    ( +- 33,33% )
                85      page-faults               #    0,106 M/sec                    ( +-  0,44% )
         2.382.025      cycles                    #    2,984 GHz                      ( +-  2,36% )  (95,10%)
            89.263      stalled-cycles-frontend   #    3,75% frontend cycles idle     ( +- 12,57% )
         1.251.412      stalled-cycles-backend    #   52,54% backend cycles idle      ( +-  1,77% )
         2.478.913      instructions              #    1,04  insn per cycle         
                                                  #    0,50  stalled cycles per insn  ( +-  0,22% )
           350.576      branches                  #  439,174 M/sec                    ( +-  0,27% )
     <not counted>      branch-misses                                                 ( +- 73,70% )  (4,90%)

         0,0009507 +- 0,0000546 seconds time elapsed  ( +-  5,74% )

Some events weren't counted. Try disabling the NMI watchdog:
	echo 0 > /proc/sys/kernel/nmi_watchdog
	perf stat ...
	echo 1 > /proc/sys/kernel/nmi_watchdog

 Performance counter stats for './mandelbrot_pth -0.8 -0.7 0.05 0.15 32 1' (10 runs):

              2,57 msec task-clock                #    0,938 CPUs utilized            ( +-  3,47% )
                 1      context-switches          #    0,468 K/sec                    ( +- 11,11% )
                 0      cpu-migrations            #    0,000 K/sec                  
                92      page-faults               #    0,036 M/sec                    ( +-  0,42% )
         5.679.018      cycles                    #    2,213 GHz                      ( +-  1,66% )  (69,65%)
            80.084      stalled-cycles-frontend   #    1,41% frontend cycles idle     ( +-  4,79% )
         4.106.150      stalled-cycles-backend    #   72,30% backend cycles idle      ( +-  0,23% )
         6.213.449      instructions              #    1,09  insn per cycle         
                                                  #    0,66  stalled cycles per insn  ( +-  0,11% )
           661.360      branches                  #  257,694 M/sec                    ( +-  0,19% )
            10.299      branch-misses             #    1,56% of all branches          ( +- 46,42% )  (30,35%)

         0,0027354 +- 0,0000886 seconds time elapsed  ( +-  3,24% )


 Performance counter stats for './mandelbrot_pth -0.8 -0.7 0.05 0.15 64 1' (10 runs):

              8,05 msec task-clock                #    0,977 CPUs utilized            ( +-  5,32% )
                 2      context-switches          #    0,211 K/sec                    ( +-  8,99% )
                 0      cpu-migrations            #    0,000 K/sec                  
               123      page-faults               #    0,015 M/sec                    ( +-  0,42% )
        19.606.070      cycles                    #    2,435 GHz                      ( +-  1,75% )  (52,97%)
           128.661      stalled-cycles-frontend   #    0,66% frontend cycles idle     ( +-  7,65% )  (76,26%)
        15.548.666      stalled-cycles-backend    #   79,31% backend cycles idle      ( +-  0,42% )  (98,84%)
        21.168.930      instructions              #    1,08  insn per cycle         
                                                  #    0,73  stalled cycles per insn  ( +-  0,02% )
         1.910.894      branches                  #  237,298 M/sec                    ( +-  0,05% )
             8.602      branch-misses             #    0,45% of all branches          ( +-  4,44% )  (71,93%)

          0,008241 +- 0,000431 seconds time elapsed  ( +-  5,23% )


 Performance counter stats for './mandelbrot_pth -0.8 -0.7 0.05 0.15 128 1' (10 runs):

             24,33 msec task-clock                #    0,992 CPUs utilized            ( +-  2,73% )
                 3      context-switches          #    0,136 K/sec                    ( +-  7,89% )
                 0      cpu-migrations            #    0,000 K/sec                  
               243      page-faults               #    0,010 M/sec                    ( +-  0,19% )
        74.842.704      cycles                    #    3,076 GHz                      ( +-  0,71% )  (83,07%)
           139.094      stalled-cycles-frontend   #    0,19% frontend cycles idle     ( +-  5,35% )  (83,33%)
        60.752.911      stalled-cycles-backend    #   81,17% backend cycles idle      ( +-  0,75% )  (83,57%)
        79.985.048      instructions              #    1,07  insn per cycle         
                                                  #    0,76  stalled cycles per insn  ( +-  0,65% )  (83,57%)
         6.876.224      branches                  #  282,613 M/sec                    ( +-  0,39% )  (85,26%)
            18.816      branch-misses             #    0,27% of all branches          ( +-  3,05% )  (81,18%)

          0,024530 +- 0,000666 seconds time elapsed  ( +-  2,72% )


 Performance counter stats for './mandelbrot_pth -0.8 -0.7 0.05 0.15 256 1' (10 runs):

             86,65 msec task-clock                #    0,996 CPUs utilized            ( +-  0,24% )
                10      context-switches          #    0,112 K/sec                    ( +-  3,45% )
                 0      cpu-migrations            #    0,000 K/sec                  
               724      page-faults               #    0,008 M/sec                    ( +-  0,07% )
       287.505.186      cycles                    #    3,318 GHz                      ( +-  0,17% )  (80,17%)
           241.233      stalled-cycles-frontend   #    0,08% frontend cycles idle     ( +-  3,92% )  (81,12%)
       244.419.300      stalled-cycles-backend    #   85,01% backend cycles idle      ( +-  0,12% )  (82,58%)
       322.924.139      instructions              #    1,12  insn per cycle         
                                                  #    0,76  stalled cycles per insn  ( +-  0,16% )  (86,15%)
        27.282.340      branches                  #  314,852 M/sec                    ( +-  0,15% )  (86,16%)
            74.552      branch-misses             #    0,27% of all branches          ( +-  1,08% )  (83,82%)

          0,086964 +- 0,000204 seconds time elapsed  ( +-  0,23% )


 Performance counter stats for './mandelbrot_pth -0.8 -0.7 0.05 0.15 512 1' (10 runs):

            327,12 msec task-clock                #    0,999 CPUs utilized            ( +-  0,19% )
                31      context-switches          #    0,094 K/sec                    ( +-  1,66% )
                 0      cpu-migrations            #    0,000 K/sec                  
             2.644      page-faults               #    0,008 M/sec                    ( +-  0,01% )
     1.133.706.901      cycles                    #    3,466 GHz                      ( +-  0,07% )  (82,97%)
           533.705      stalled-cycles-frontend   #    0,05% frontend cycles idle     ( +-  3,62% )  (83,00%)
       983.081.340      stalled-cycles-backend    #   86,71% backend cycles idle      ( +-  0,12% )  (83,10%)
     1.278.944.942      instructions              #    1,13  insn per cycle         
                                                  #    0,77  stalled cycles per insn  ( +-  0,14% )  (83,33%)
       109.057.286      branches                  #  333,382 M/sec                    ( +-  0,34% )  (83,95%)
           276.971      branch-misses             #    0,25% of all branches          ( +-  0,37% )  (83,66%)

          0,327546 +- 0,000614 seconds time elapsed  ( +-  0,19% )


 Performance counter stats for './mandelbrot_pth -0.8 -0.7 0.05 0.15 1024 1' (10 runs):

          1.279,16 msec task-clock                #    0,999 CPUs utilized            ( +-  0,05% )
               117      context-switches          #    0,092 K/sec                    ( +-  0,24% )
                 0      cpu-migrations            #    0,000 K/sec                  
            10.323      page-faults               #    0,008 M/sec                    ( +-  0,00% )
     4.545.399.293      cycles                    #    3,553 GHz                      ( +-  0,04% )  (83,16%)
         2.036.986      stalled-cycles-frontend   #    0,04% frontend cycles idle     ( +-  0,72% )  (83,21%)
     3.921.998.537      stalled-cycles-backend    #   86,29% backend cycles idle      ( +-  0,03% )  (83,39%)
     5.077.743.476      instructions              #    1,12  insn per cycle         
                                                  #    0,77  stalled cycles per insn  ( +-  0,04% )  (83,43%)
       422.198.839      branches                  #  330,060 M/sec                    ( +-  0,11% )  (83,44%)
         1.079.079      branch-misses             #    0,26% of all branches          ( +-  0,77% )  (83,37%)

          1,279927 +- 0,000671 seconds time elapsed  ( +-  0,05% )


 Performance counter stats for './mandelbrot_pth -0.8 -0.7 0.05 0.15 2048 1' (10 runs):

          5.072,88 msec task-clock                #    0,996 CPUs utilized            ( +-  0,02% )
               460      context-switches          #    0,091 K/sec                    ( +-  0,48% )
                 0      cpu-migrations            #    0,000 K/sec                  
            41.045      page-faults               #    0,008 M/sec                    ( +-  0,00% )
    18.145.018.352      cycles                    #    3,577 GHz                      ( +-  0,02% )  (83,30%)
         7.648.345      stalled-cycles-frontend   #    0,04% frontend cycles idle     ( +-  0,74% )  (83,34%)
    15.678.573.276      stalled-cycles-backend    #   86,41% backend cycles idle      ( +-  0,03% )  (83,34%)
    20.376.151.114      instructions              #    1,12  insn per cycle         
                                                  #    0,77  stalled cycles per insn  ( +-  0,02% )  (83,34%)
     1.705.487.248      branches                  #  336,197 M/sec                    ( +-  0,02% )  (83,35%)
         4.237.756      branch-misses             #    0,25% of all branches          ( +-  0,68% )  (83,32%)

           5,09197 +- 0,00149 seconds time elapsed  ( +-  0,03% )


 Performance counter stats for './mandelbrot_pth -0.8 -0.7 0.05 0.15 4096 1' (10 runs):

         20.224,80 msec task-clock                #    0,995 CPUs utilized            ( +-  0,03% )
             1.819      context-switches          #    0,090 K/sec                    ( +-  0,21% )
                 0      cpu-migrations            #    0,000 K/sec                  
           163.924      page-faults               #    0,008 M/sec                    ( +-  0,00% )
    72.517.320.275      cycles                    #    3,586 GHz                      ( +-  0,03% )  (83,32%)
        67.306.636      stalled-cycles-frontend   #    0,09% frontend cycles idle     ( +- 45,79% )  (83,33%)
    62.620.180.033      stalled-cycles-backend    #   86,35% backend cycles idle      ( +-  0,09% )  (83,34%)
    81.473.957.371      instructions              #    1,12  insn per cycle         
                                                  #    0,77  stalled cycles per insn  ( +-  0,01% )  (83,33%)
     6.798.294.721      branches                  #  336,137 M/sec                    ( +-  0,02% )  (83,34%)
        16.574.059      branch-misses             #    0,24% of all branches          ( +-  1,39% )  (83,33%)

          20,31926 +- 0,00739 seconds time elapsed  ( +-  0,04% )


 Performance counter stats for './mandelbrot_pth -0.8 -0.7 0.05 0.15 8192 1' (10 runs):

         80.866,96 msec task-clock                #    0,995 CPUs utilized            ( +-  0,03% )
             7.314      context-switches          #    0,090 K/sec                    ( +-  0,43% )
                 0      cpu-migrations            #    0,000 K/sec                    ( +-100,00% )
           655.443      page-faults               #    0,008 M/sec                    ( +-  0,00% )
   290.088.087.432      cycles                    #    3,587 GHz                      ( +-  0,03% )  (83,33%)
       122.039.693      stalled-cycles-frontend   #    0,04% frontend cycles idle     ( +-  2,16% )  (83,33%)
   250.717.415.541      stalled-cycles-backend    #   86,43% backend cycles idle      ( +-  0,03% )  (83,34%)
   325.957.252.195      instructions              #    1,12  insn per cycle         
                                                  #    0,77  stalled cycles per insn  ( +-  0,00% )  (83,33%)
    27.197.537.712      branches                  #  336,324 M/sec                    ( +-  0,01% )  (83,33%)
        66.618.905      branch-misses             #    0,24% of all branches          ( +-  0,70% )  (83,33%)

           81,2488 +- 0,0292 seconds time elapsed  ( +-  0,04% )


 Performance counter stats for './mandelbrot_pth -0.8 -0.7 0.05 0.15 16 2' (10 runs):

              1,14 msec task-clock                #    1,166 CPUs utilized            ( +-  2,11% )
                 2      context-switches          #    0,002 M/sec                    ( +-  9,45% )
                 0      cpu-migrations            #    0,350 K/sec                    ( +- 40,82% )
                88      page-faults               #    0,077 M/sec                    ( +-  0,44% )
         2.478.394      cycles                    #    2,170 GHz                      ( +-  1,04% )  (91,36%)
           105.779      stalled-cycles-frontend   #    4,27% frontend cycles idle     ( +-  6,83% )
         1.260.075      stalled-cycles-backend    #   50,84% backend cycles idle      ( +-  0,80% )
         2.580.965      instructions              #    1,04  insn per cycle         
                                                  #    0,49  stalled cycles per insn  ( +-  0,25% )
           371.276      branches                  #  325,015 M/sec                    ( +-  0,30% )
     <not counted>      branch-misses                                                 ( +-100,00% )  (8,64%)

         0,0009795 +- 0,0000272 seconds time elapsed  ( +-  2,78% )

Some events weren't counted. Try disabling the NMI watchdog:
	echo 0 > /proc/sys/kernel/nmi_watchdog
	perf stat ...
	echo 1 > /proc/sys/kernel/nmi_watchdog

 Performance counter stats for './mandelbrot_pth -0.8 -0.7 0.05 0.15 32 2' (10 runs):

              2,49 msec task-clock                #    1,380 CPUs utilized            ( +-  3,00% )
                 1      context-switches          #    0,522 K/sec                    ( +- 11,75% )
                 0      cpu-migrations            #    0,120 K/sec                    ( +- 50,92% )
                95      page-faults               #    0,038 M/sec                    ( +-  0,42% )
         5.764.212      cycles                    #    2,314 GHz                      ( +-  0,66% )  (90,54%)
           116.539      stalled-cycles-frontend   #    2,02% frontend cycles idle     ( +-  5,03% )
         4.134.701      stalled-cycles-backend    #   71,73% backend cycles idle      ( +-  0,28% )
         6.295.046      instructions              #    1,09  insn per cycle         
                                                  #    0,66  stalled cycles per insn  ( +-  0,09% )
           678.666      branches                  #  272,391 M/sec                    ( +-  0,15% )
     <not counted>      branch-misses                                                 ( +- 36,37% )  (9,46%)

         0,0018050 +- 0,0000682 seconds time elapsed  ( +-  3,78% )

Some events weren't counted. Try disabling the NMI watchdog:
	echo 0 > /proc/sys/kernel/nmi_watchdog
	perf stat ...
	echo 1 > /proc/sys/kernel/nmi_watchdog

 Performance counter stats for './mandelbrot_pth -0.8 -0.7 0.05 0.15 64 2' (10 runs):

              8,28 msec task-clock                #    1,601 CPUs utilized            ( +-  3,76% )
                 2      context-switches          #    0,205 K/sec                    ( +-  8,99% )
                 0      cpu-migrations            #    0,000 K/sec                  
               125      page-faults               #    0,015 M/sec                    ( +-  0,28% )
        18.936.708      cycles                    #    2,287 GHz                      ( +-  1,83% )  (46,01%)
           116.341      stalled-cycles-frontend   #    0,61% frontend cycles idle     ( +-  3,66% )  (98,93%)
        15.603.740      stalled-cycles-backend    #   82,40% backend cycles idle      ( +-  0,08% )
        21.259.749      instructions              #    1,12  insn per cycle         
                                                  #    0,73  stalled cycles per insn  ( +-  0,03% )
         1.929.237      branches                  #  232,982 M/sec                    ( +-  0,05% )
             9.356      branch-misses             #    0,48% of all branches          ( +-  7,21% )  (55,06%)

          0,005172 +- 0,000206 seconds time elapsed  ( +-  3,99% )


 Performance counter stats for './mandelbrot_pth -0.8 -0.7 0.05 0.15 128 2' (10 runs):

             28,25 msec task-clock                #    1,708 CPUs utilized            ( +-  3,29% )
                 4      context-switches          #    0,138 K/sec                    ( +-  8,06% )
                 0      cpu-migrations            #    0,000 K/sec                  
               245      page-faults               #    0,009 M/sec                    ( +-  0,11% )
        73.856.524      cycles                    #    2,614 GHz                      ( +-  0,91% )  (71,82%)
           187.540      stalled-cycles-frontend   #    0,25% frontend cycles idle     ( +-  4,86% )  (72,27%)
        59.426.578      stalled-cycles-backend    #   80,46% backend cycles idle      ( +-  1,21% )  (77,73%)
        79.805.168      instructions              #    1,08  insn per cycle         
                                                  #    0,74  stalled cycles per insn  ( +-  0,56% )  (92,86%)
         6.907.992      branches                  #  244,513 M/sec                    ( +-  0,03% )  (99,70%)
            21.391      branch-misses             #    0,31% of all branches          ( +-  1,27% )  (85,62%)

          0,016537 +- 0,000546 seconds time elapsed  ( +-  3,30% )


 Performance counter stats for './mandelbrot_pth -0.8 -0.7 0.05 0.15 256 2' (10 runs):

             90,27 msec task-clock                #    1,741 CPUs utilized            ( +-  0,71% )
                 9      context-switches          #    0,100 K/sec                    ( +-  2,87% )
                 0      cpu-migrations            #    0,001 K/sec                    ( +-100,00% )
               726      page-faults               #    0,008 M/sec                    ( +-  0,06% )
       288.713.038      cycles                    #    3,198 GHz                      ( +-  0,29% )  (80,91%)
           282.550      stalled-cycles-frontend   #    0,10% frontend cycles idle     ( +-  2,23% )  (82,14%)
       244.369.312      stalled-cycles-backend    #   84,64% backend cycles idle      ( +-  0,21% )  (82,29%)
       321.131.240      instructions              #    1,11  insn per cycle         
                                                  #    0,76  stalled cycles per insn  ( +-  0,32% )  (83,88%)
        27.257.008      branches                  #  301,952 M/sec                    ( +-  0,21% )  (86,60%)
            72.363      branch-misses             #    0,27% of all branches          ( +-  0,64% )  (84,17%)

          0,051836 +- 0,000513 seconds time elapsed  ( +-  0,99% )


 Performance counter stats for './mandelbrot_pth -0.8 -0.7 0.05 0.15 512 2' (10 runs):

            337,59 msec task-clock                #    1,705 CPUs utilized            ( +-  0,39% )
                32      context-switches          #    0,094 K/sec                    ( +-  2,11% )
                 1      cpu-migrations            #    0,004 K/sec                    ( +- 23,08% )
             2.646      page-faults               #    0,008 M/sec                    ( +-  0,02% )
     1.132.009.344      cycles                    #    3,353 GHz                      ( +-  0,09% )  (83,86%)
           595.242      stalled-cycles-frontend   #    0,05% frontend cycles idle     ( +-  1,55% )  (83,19%)
       985.168.706      stalled-cycles-backend    #   87,03% backend cycles idle      ( +-  0,16% )  (82,37%)
     1.285.093.009      instructions              #    1,14  insn per cycle         
                                                  #    0,77  stalled cycles per insn  ( +-  0,11% )  (83,10%)
       109.662.487      branches                  #  324,839 M/sec                    ( +-  0,06% )  (83,82%)
           275.643      branch-misses             #    0,25% of all branches          ( +-  0,39% )  (83,65%)

           0,19800 +- 0,00125 seconds time elapsed  ( +-  0,63% )


 Performance counter stats for './mandelbrot_pth -0.8 -0.7 0.05 0.15 1024 2' (10 runs):

          1.289,23 msec task-clock                #    1,722 CPUs utilized            ( +-  0,09% )
               116      context-switches          #    0,090 K/sec                    ( +-  0,46% )
                 1      cpu-migrations            #    0,001 K/sec                    ( +- 19,95% )
            10.326      page-faults               #    0,008 M/sec                    ( +-  0,01% )
     4.543.804.558      cycles                    #    3,524 GHz                      ( +-  0,03% )  (83,18%)
         2.341.310      stalled-cycles-frontend   #    0,05% frontend cycles idle     ( +-  1,01% )  (83,22%)
     3.920.198.693      stalled-cycles-backend    #   86,28% backend cycles idle      ( +-  0,04% )  (83,31%)
     5.087.990.033      instructions              #    1,12  insn per cycle         
                                                  #    0,77  stalled cycles per insn  ( +-  0,07% )  (83,40%)
       422.041.633      branches                  #  327,360 M/sec                    ( +-  0,15% )  (83,51%)
         1.072.674      branch-misses             #    0,25% of all branches          ( +-  0,39% )  (83,38%)

           0,74849 +- 0,00123 seconds time elapsed  ( +-  0,16% )


 Performance counter stats for './mandelbrot_pth -0.8 -0.7 0.05 0.15 2048 2' (10 runs):

          5.081,52 msec task-clock                #    1,720 CPUs utilized            ( +-  0,02% )
               452      context-switches          #    0,089 K/sec                    ( +-  0,25% )
                 1      cpu-migrations            #    0,000 K/sec                  
            41.046      page-faults               #    0,008 M/sec                    ( +-  0,00% )
    18.136.074.515      cycles                    #    3,569 GHz                      ( +-  0,02% )  (83,34%)
         8.540.306      stalled-cycles-frontend   #    0,05% frontend cycles idle     ( +-  0,78% )  (83,37%)
    15.661.630.466      stalled-cycles-backend    #   86,36% backend cycles idle      ( +-  0,03% )  (83,37%)
    20.381.925.162      instructions              #    1,12  insn per cycle         
                                                  #    0,77  stalled cycles per insn  ( +-  0,02% )  (83,29%)
     1.706.104.772      branches                  #  335,747 M/sec                    ( +-  0,01% )  (83,32%)
         4.251.823      branch-misses             #    0,25% of all branches          ( +-  0,59% )  (83,31%)

           2,95491 +- 0,00141 seconds time elapsed  ( +-  0,05% )


 Performance counter stats for './mandelbrot_pth -0.8 -0.7 0.05 0.15 4096 2' (10 runs):

         20.242,28 msec task-clock                #    1,717 CPUs utilized            ( +-  0,02% )
             1.790      context-switches          #    0,088 K/sec                    ( +-  0,18% )
                 1      cpu-migrations            #    0,000 K/sec                    ( +- 11,11% )
           163.926      page-faults               #    0,008 M/sec                    ( +-  0,00% )
    72.525.320.250      cycles                    #    3,583 GHz                      ( +-  0,02% )  (83,31%)
        32.477.968      stalled-cycles-frontend   #    0,04% frontend cycles idle     ( +-  1,44% )  (83,33%)
    62.666.559.808      stalled-cycles-backend    #   86,41% backend cycles idle      ( +-  0,02% )  (83,34%)
    81.472.316.836      instructions              #    1,12  insn per cycle         
                                                  #    0,77  stalled cycles per insn  ( +-  0,01% )  (83,34%)
     6.796.456.933      branches                  #  335,755 M/sec                    ( +-  0,02% )  (83,35%)
        16.778.059      branch-misses             #    0,25% of all branches          ( +-  0,60% )  (83,33%)

          11,79007 +- 0,00415 seconds time elapsed  ( +-  0,04% )


 Performance counter stats for './mandelbrot_pth -0.8 -0.7 0.05 0.15 8192 2' (10 runs):

         80.862,60 msec task-clock                #    1,716 CPUs utilized            ( +-  0,02% )
             7.215      context-switches          #    0,089 K/sec                    ( +-  0,13% )
                 1      cpu-migrations            #    0,000 K/sec                    ( +- 11,11% )
           655.446      page-faults               #    0,008 M/sec                    ( +-  0,00% )
   290.034.825.362      cycles                    #    3,587 GHz                      ( +-  0,02% )  (83,33%)
       131.495.401      stalled-cycles-frontend   #    0,05% frontend cycles idle     ( +-  0,85% )  (83,33%)
   250.661.427.953      stalled-cycles-backend    #   86,42% backend cycles idle      ( +-  0,02% )  (83,34%)
   325.964.137.612      instructions              #    1,12  insn per cycle         
                                                  #    0,77  stalled cycles per insn  ( +-  0,00% )  (83,34%)
    27.197.052.718      branches                  #  336,337 M/sec                    ( +-  0,00% )  (83,33%)
        66.203.313      branch-misses             #    0,24% of all branches          ( +-  0,52% )  (83,33%)

           47,1209 +- 0,0130 seconds time elapsed  ( +-  0,03% )


 Performance counter stats for './mandelbrot_pth -0.8 -0.7 0.05 0.15 16 4' (10 runs):

              1,31 msec task-clock                #    1,375 CPUs utilized            ( +-  1,66% )
                 4      context-switches          #    0,003 M/sec                    ( +-  6,92% )
                 1      cpu-migrations            #    0,914 K/sec                    ( +- 20,79% )
                92      page-faults               #    0,070 M/sec                    ( +-  0,63% )
         2.753.199      cycles                    #    2,097 GHz                      ( +-  1,74% )  (92,02%)
           167.648      stalled-cycles-frontend   #    6,09% frontend cycles idle     ( +-  7,61% )
         1.363.912      stalled-cycles-backend    #   49,54% backend cycles idle      ( +-  0,84% )
         2.762.673      instructions              #    1,00  insn per cycle         
                                                  #    0,49  stalled cycles per insn  ( +-  0,21% )
           408.124      branches                  #  310,795 M/sec                    ( +-  0,27% )
     <not counted>      branch-misses                                                 ( +- 73,48% )  (7,98%)

         0,0009550 +- 0,0000261 seconds time elapsed  ( +-  2,73% )

Some events weren't counted. Try disabling the NMI watchdog:
	echo 0 > /proc/sys/kernel/nmi_watchdog
	perf stat ...
	echo 1 > /proc/sys/kernel/nmi_watchdog

 Performance counter stats for './mandelbrot_pth -0.8 -0.7 0.05 0.15 32 4' (10 runs):

              2,66 msec task-clock                #    1,818 CPUs utilized            ( +-  3,03% )
                 3      context-switches          #    0,001 M/sec                    ( +- 12,00% )
                 1      cpu-migrations            #    0,452 K/sec                    ( +- 27,22% )
               100      page-faults               #    0,038 M/sec                    ( +-  0,62% )
         5.829.969      cycles                    #    2,196 GHz                      ( +-  2,80% )  (77,31%)
           140.464      stalled-cycles-frontend   #    2,41% frontend cycles idle     ( +-  7,30% )
         4.193.382      stalled-cycles-backend    #   71,93% backend cycles idle      ( +-  0,30% )
         6.460.083      instructions              #    1,11  insn per cycle         
                                                  #    0,65  stalled cycles per insn  ( +-  0,14% )
           712.445      branches                  #  268,318 M/sec                    ( +-  0,23% )
             3.784      branch-misses             #    0,53% of all branches          ( +- 43,62% )  (22,69%)

         0,0014606 +- 0,0000465 seconds time elapsed  ( +-  3,18% )


 Performance counter stats for './mandelbrot_pth -0.8 -0.7 0.05 0.15 64 4' (10 runs):

              7,93 msec task-clock                #    2,359 CPUs utilized            ( +-  2,63% )
                 4      context-switches          #    0,454 K/sec                    ( +- 10,31% )
                 1      cpu-migrations            #    0,126 K/sec                    ( +- 33,33% )
               129      page-faults               #    0,016 M/sec                    ( +-  0,43% )
        19.365.955      cycles                    #    2,443 GHz                      ( +-  0,23% )  (84,38%)
           160.006      stalled-cycles-frontend   #    0,83% frontend cycles idle     ( +-  2,50% )
        15.710.836      stalled-cycles-backend    #   81,13% backend cycles idle      ( +-  0,10% )
        21.430.997      instructions              #    1,11  insn per cycle         
                                                  #    0,73  stalled cycles per insn  ( +-  0,05% )
         1.964.258      branches                  #  247,782 M/sec                    ( +-  0,11% )
            18.348      branch-misses             #    0,93% of all branches          ( +- 49,66% )  (15,62%)

          0,003361 +- 0,000192 seconds time elapsed  ( +-  5,72% )


 Performance counter stats for './mandelbrot_pth -0.8 -0.7 0.05 0.15 128 4' (10 runs):

             27,98 msec task-clock                #    2,757 CPUs utilized            ( +-  2,56% )
                 4      context-switches          #    0,136 K/sec                    ( +-  9,45% )
                 0      cpu-migrations            #    0,004 K/sec                    ( +-100,00% )
               249      page-faults               #    0,009 M/sec                    ( +-  0,16% )
        71.513.193      cycles                    #    2,556 GHz                      ( +-  0,67% )  (46,53%)
           196.517      stalled-cycles-frontend   #    0,27% frontend cycles idle     ( +-  5,02% )  (79,57%)
        61.521.283      stalled-cycles-backend    #   86,03% backend cycles idle      ( +-  0,16% )  (99,19%)
        81.076.369      instructions              #    1,13  insn per cycle         
                                                  #    0,76  stalled cycles per insn  ( +-  0,01% )
         6.938.082      branches                  #  248,008 M/sec                    ( +-  0,02% )
            22.998      branch-misses             #    0,33% of all branches          ( +-  1,44% )  (74,71%)

          0,010147 +- 0,000251 seconds time elapsed  ( +-  2,47% )


 Performance counter stats for './mandelbrot_pth -0.8 -0.7 0.05 0.15 256 4' (10 runs):

             98,26 msec task-clock                #    3,145 CPUs utilized            ( +-  1,09% )
                11      context-switches          #    0,111 K/sec                    ( +-  6,03% )
                 0      cpu-migrations            #    0,001 K/sec                    ( +-100,00% )
               730      page-faults               #    0,007 M/sec                    ( +-  0,07% )
       291.165.247      cycles                    #    2,963 GHz                      ( +-  0,37% )  (80,68%)
           305.565      stalled-cycles-frontend   #    0,10% frontend cycles idle     ( +-  2,36% )  (83,32%)
       246.247.483      stalled-cycles-backend    #   84,57% backend cycles idle      ( +-  0,35% )  (83,73%)
       319.009.660      instructions              #    1,10  insn per cycle         
                                                  #    0,77  stalled cycles per insn  ( +-  0,34% )  (83,73%)
        27.037.628      branches                  #  275,159 M/sec                    ( +-  0,30% )  (85,28%)
            72.155      branch-misses             #    0,27% of all branches          ( +-  0,78% )  (83,27%)

          0,031245 +- 0,000539 seconds time elapsed  ( +-  1,72% )


 Performance counter stats for './mandelbrot_pth -0.8 -0.7 0.05 0.15 512 4' (10 runs):

            345,85 msec task-clock                #    3,085 CPUs utilized            ( +-  0,38% )
                35      context-switches          #    0,102 K/sec                    ( +-  2,07% )
                 1      cpu-migrations            #    0,002 K/sec                    ( +- 36,85% )
             2.650      page-faults               #    0,008 M/sec                    ( +-  0,02% )
     1.127.903.531      cycles                    #    3,261 GHz                      ( +-  0,09% )  (84,74%)
           639.899      stalled-cycles-frontend   #    0,06% frontend cycles idle     ( +-  2,12% )  (83,26%)
       990.097.348      stalled-cycles-backend    #   87,78% backend cycles idle      ( +-  0,15% )  (81,55%)
     1.292.649.307      instructions              #    1,15  insn per cycle         
                                                  #    0,77  stalled cycles per insn  ( +-  0,07% )  (82,95%)
       109.822.421      branches                  #  317,542 M/sec                    ( +-  0,13% )  (83,67%)
           273.401      branch-misses             #    0,25% of all branches          ( +-  0,24% )  (83,82%)

           0,11210 +- 0,00103 seconds time elapsed  ( +-  0,92% )


 Performance counter stats for './mandelbrot_pth -0.8 -0.7 0.05 0.15 1024 4' (10 runs):

          1.303,02 msec task-clock                #    3,113 CPUs utilized            ( +-  0,11% )
               122      context-switches          #    0,093 K/sec                    ( +-  0,72% )
                 1      cpu-migrations            #    0,001 K/sec                    ( +- 16,42% )
            10.330      page-faults               #    0,008 M/sec                    ( +-  0,00% )
     4.549.968.422      cycles                    #    3,492 GHz                      ( +-  0,05% )  (82,84%)
         2.482.688      stalled-cycles-frontend   #    0,05% frontend cycles idle     ( +-  1,51% )  (83,05%)
     3.924.473.188      stalled-cycles-backend    #   86,25% backend cycles idle      ( +-  0,05% )  (83,43%)
     5.079.199.225      instructions              #    1,12  insn per cycle         
                                                  #    0,77  stalled cycles per insn  ( +-  0,09% )  (83,66%)
       421.423.002      branches                  #  323,421 M/sec                    ( +-  0,17% )  (83,74%)
         1.077.020      branch-misses             #    0,26% of all branches          ( +-  0,60% )  (83,28%)

           0,41856 +- 0,00161 seconds time elapsed  ( +-  0,38% )


 Performance counter stats for './mandelbrot_pth -0.8 -0.7 0.05 0.15 2048 4' (10 runs):

          5.111,66 msec task-clock                #    3,130 CPUs utilized            ( +-  0,10% )
               508      context-switches          #    0,099 K/sec                    ( +-  1,78% )
                 5      cpu-migrations            #    0,001 K/sec                    ( +- 24,23% )
            41.050      page-faults               #    0,008 M/sec                    ( +-  0,00% )
    18.145.376.939      cycles                    #    3,550 GHz                      ( +-  0,02% )  (83,35%)
         8.843.310      stalled-cycles-frontend   #    0,05% frontend cycles idle     ( +-  0,59% )  (83,39%)
    15.658.675.457      stalled-cycles-backend    #   86,30% backend cycles idle      ( +-  0,02% )  (83,41%)
    20.370.953.979      instructions              #    1,12  insn per cycle         
                                                  #    0,77  stalled cycles per insn  ( +-  0,03% )  (83,32%)
     1.705.342.875      branches                  #  333,618 M/sec                    ( +-  0,03% )  (83,25%)
         4.226.072      branch-misses             #    0,25% of all branches          ( +-  0,48% )  (83,28%)

           1,63337 +- 0,00166 seconds time elapsed  ( +-  0,10% )


 Performance counter stats for './mandelbrot_pth -0.8 -0.7 0.05 0.15 4096 4' (10 runs):

         20.292,03 msec task-clock                #    3,130 CPUs utilized            ( +-  0,03% )
             2.063      context-switches          #    0,102 K/sec                    ( +-  0,97% )
                 6      cpu-migrations            #    0,000 K/sec                    ( +- 13,89% )
           163.931      page-faults               #    0,008 M/sec                    ( +-  0,00% )
    72.583.601.591      cycles                    #    3,577 GHz                      ( +-  0,03% )  (83,31%)
        34.430.148      stalled-cycles-frontend   #    0,05% frontend cycles idle     ( +-  0,96% )  (83,32%)
    62.711.232.588      stalled-cycles-backend    #   86,40% backend cycles idle      ( +-  0,03% )  (83,34%)
    81.471.513.291      instructions              #    1,12  insn per cycle         
                                                  #    0,77  stalled cycles per insn  ( +-  0,01% )  (83,35%)
     6.796.035.153      branches                  #  334,912 M/sec                    ( +-  0,01% )  (83,36%)
        17.027.229      branch-misses             #    0,25% of all branches          ( +-  0,56% )  (83,32%)

           6,48341 +- 0,00707 seconds time elapsed  ( +-  0,11% )


 Performance counter stats for './mandelbrot_pth -0.8 -0.7 0.05 0.15 8192 4' (10 runs):

         80.921,09 msec task-clock                #    3,130 CPUs utilized            ( +-  0,02% )
             7.598      context-switches          #    0,094 K/sec                    ( +-  0,37% )
                 9      cpu-migrations            #    0,000 K/sec                    ( +- 17,73% )
           655.449      page-faults               #    0,008 M/sec                    ( +-  0,00% )
   290.106.621.885      cycles                    #    3,585 GHz                      ( +-  0,02% )  (83,33%)
       137.878.303      stalled-cycles-frontend   #    0,05% frontend cycles idle     ( +-  1,93% )  (83,33%)
   250.668.043.897      stalled-cycles-backend    #   86,41% backend cycles idle      ( +-  0,01% )  (83,34%)
   325.961.188.774      instructions              #    1,12  insn per cycle         
                                                  #    0,77  stalled cycles per insn  ( +-  0,00% )  (83,34%)
    27.198.992.031      branches                  #  336,117 M/sec                    ( +-  0,01% )  (83,34%)
        67.065.267      branch-misses             #    0,25% of all branches          ( +-  0,59% )  (83,33%)

           25,8531 +- 0,0111 seconds time elapsed  ( +-  0,04% )


 Performance counter stats for './mandelbrot_pth -0.8 -0.7 0.05 0.15 16 8' (10 runs):

              1,49 msec task-clock                #    1,580 CPUs utilized            ( +-  3,81% )
                 9      context-switches          #    0,006 M/sec                    ( +-  9,65% )
                 2      cpu-migrations            #    0,001 M/sec                    ( +- 22,81% )
               100      page-faults               #    0,067 M/sec                    ( +-  0,52% )
         3.357.865      cycles                    #    2,257 GHz                      ( +-  2,09% )  (91,39%)
           263.218      stalled-cycles-frontend   #    7,84% frontend cycles idle     ( +-  5,88% )
         1.598.966      stalled-cycles-backend    #   47,62% backend cycles idle      ( +-  1,13% )
         3.118.222      instructions              #    0,93  insn per cycle         
                                                  #    0,51  stalled cycles per insn  ( +-  0,40% )
           482.396      branches                  #  324,180 M/sec                    ( +-  0,53% )
     <not counted>      branch-misses                                                 ( +- 66,91% )  (8,61%)

         0,0009420 +- 0,0000366 seconds time elapsed  ( +-  3,89% )

Some events weren't counted. Try disabling the NMI watchdog:
	echo 0 > /proc/sys/kernel/nmi_watchdog
	perf stat ...
	echo 1 > /proc/sys/kernel/nmi_watchdog

 Performance counter stats for './mandelbrot_pth -0.8 -0.7 0.05 0.15 32 8' (10 runs):

              2,81 msec task-clock                #    2,241 CPUs utilized            ( +-  1,43% )
                 9      context-switches          #    0,003 M/sec                    ( +- 12,52% )
                 2      cpu-migrations            #    0,604 K/sec                    ( +- 21,57% )
               108      page-faults               #    0,038 M/sec                    ( +-  0,32% )
         6.594.636      cycles                    #    2,345 GHz                      ( +-  1,16% )  (93,48%)
           259.920      stalled-cycles-frontend   #    3,94% frontend cycles idle     ( +-  7,46% )
         4.424.341      stalled-cycles-backend    #   67,09% backend cycles idle      ( +-  0,47% )
         6.834.964      instructions              #    1,04  insn per cycle         
                                                  #    0,65  stalled cycles per insn  ( +-  0,14% )
           789.570      branches                  #  280,707 M/sec                    ( +-  0,23% )
     <not counted>      branch-misses                                                 ( +- 79,15% )  (6,52%)

         0,0012553 +- 0,0000315 seconds time elapsed  ( +-  2,51% )

Some events weren't counted. Try disabling the NMI watchdog:
	echo 0 > /proc/sys/kernel/nmi_watchdog
	perf stat ...
	echo 1 > /proc/sys/kernel/nmi_watchdog

 Performance counter stats for './mandelbrot_pth -0.8 -0.7 0.05 0.15 64 8' (10 runs):

              7,58 msec task-clock                #    2,893 CPUs utilized            ( +-  2,46% )
                 5      context-switches          #    0,726 K/sec                    ( +- 13,07% )
                 2      cpu-migrations            #    0,277 K/sec                    ( +- 21,82% )
               138      page-faults               #    0,018 M/sec                    ( +-  0,36% )
        19.768.651      cycles                    #    2,609 GHz                      ( +-  0,54% )  (71,17%)
           211.719      stalled-cycles-frontend   #    1,07% frontend cycles idle     ( +-  3,81% )
        15.871.489      stalled-cycles-backend    #   80,29% backend cycles idle      ( +-  0,10% )
        21.771.584      instructions              #    1,10  insn per cycle         
                                                  #    0,73  stalled cycles per insn  ( +-  0,05% )
         2.033.728      branches                  #  268,386 M/sec                    ( +-  0,11% )
     <not counted>      branch-misses                                                 ( +- 28,83% )  (28,83%)

         0,0026194 +- 0,0000735 seconds time elapsed  ( +-  2,81% )

Some events weren't counted. Try disabling the NMI watchdog:
	echo 0 > /proc/sys/kernel/nmi_watchdog
	perf stat ...
	echo 1 > /proc/sys/kernel/nmi_watchdog

 Performance counter stats for './mandelbrot_pth -0.8 -0.7 0.05 0.15 128 8' (10 runs):

             26,69 msec task-clock                #    3,548 CPUs utilized            ( +-  2,05% )
                 7      context-switches          #    0,255 K/sec                    ( +- 11,14% )
                 3      cpu-migrations            #    0,124 K/sec                    ( +- 11,11% )
               257      page-faults               #    0,010 M/sec                    ( +-  0,17% )
        73.480.506      cycles                    #    2,753 GHz                      ( +-  0,51% )  (65,57%)
           236.872      stalled-cycles-frontend   #    0,32% frontend cycles idle     ( +-  2,68% )
        61.620.114      stalled-cycles-backend    #   83,86% backend cycles idle      ( +-  0,04% )
        81.440.926      instructions              #    1,11  insn per cycle         
                                                  #    0,76  stalled cycles per insn  ( +-  0,02% )
         7.011.411      branches                  #  262,683 M/sec                    ( +-  0,03% )
            26.834      branch-misses             #    0,38% of all branches          ( +-  3,78% )  (34,43%)

          0,007523 +- 0,000255 seconds time elapsed  ( +-  3,39% )


 Performance counter stats for './mandelbrot_pth -0.8 -0.7 0.05 0.15 256 8' (10 runs):

             99,44 msec task-clock                #    4,224 CPUs utilized            ( +-  1,67% )
                15      context-switches          #    0,150 K/sec                    ( +-  5,61% )
                 4      cpu-migrations            #    0,038 K/sec                    ( +- 10,96% )
               738      page-faults               #    0,007 M/sec                    ( +-  0,06% )
       284.076.594      cycles                    #    2,857 GHz                      ( +-  0,75% )  (71,15%)
           472.196      stalled-cycles-frontend   #    0,17% frontend cycles idle     ( +-  4,00% )  (69,85%)
       245.102.742      stalled-cycles-backend    #   86,28% backend cycles idle      ( +-  0,79% )  (77,48%)
       322.035.720      instructions              #    1,13  insn per cycle         
                                                  #    0,76  stalled cycles per insn  ( +-  0,51% )  (92,28%)
        27.016.213      branches                  #  271,688 M/sec                    ( +-  0,23% )  (98,12%)
            75.013      branch-misses             #    0,28% of all branches          ( +-  1,04% )  (91,12%)

          0,023540 +- 0,000440 seconds time elapsed  ( +-  1,87% )


 Performance counter stats for './mandelbrot_pth -0.8 -0.7 0.05 0.15 512 8' (10 runs):

            349,39 msec task-clock                #    4,108 CPUs utilized            ( +-  0,19% )
                42      context-switches          #    0,119 K/sec                    ( +-  1,98% )
                 4      cpu-migrations            #    0,011 K/sec                    ( +-  3,73% )
             2.659      page-faults               #    0,008 M/sec                    ( +-  0,01% )
     1.121.904.874      cycles                    #    3,211 GHz                      ( +-  0,12% )  (84,66%)
           656.338      stalled-cycles-frontend   #    0,06% frontend cycles idle     ( +-  3,12% )  (82,53%)
       992.057.618      stalled-cycles-backend    #   88,43% backend cycles idle      ( +-  0,14% )  (81,02%)
     1.294.602.088      instructions              #    1,15  insn per cycle         
                                                  #    0,77  stalled cycles per insn  ( +-  0,10% )  (83,16%)
       109.421.327      branches                  #  313,177 M/sec                    ( +-  0,41% )  (84,38%)
           275.589      branch-misses             #    0,25% of all branches          ( +-  0,22% )  (84,25%)

          0,085046 +- 0,000819 seconds time elapsed  ( +-  0,96% )


 Performance counter stats for './mandelbrot_pth -0.8 -0.7 0.05 0.15 1024 8' (10 runs):

          1.304,09 msec task-clock                #    4,235 CPUs utilized            ( +-  0,09% )
               137      context-switches          #    0,105 K/sec                    ( +-  1,41% )
                 5      cpu-migrations            #    0,004 K/sec                    ( +-  5,16% )
            10.337      page-faults               #    0,008 M/sec                    ( +-  0,01% )
     4.554.398.375      cycles                    #    3,492 GHz                      ( +-  0,04% )  (82,94%)
         2.778.853      stalled-cycles-frontend   #    0,06% frontend cycles idle     ( +-  1,49% )  (82,65%)
     3.925.693.370      stalled-cycles-backend    #   86,20% backend cycles idle      ( +-  0,04% )  (82,97%)
     5.078.857.724      instructions              #    1,12  insn per cycle         
                                                  #    0,77  stalled cycles per insn  ( +-  0,09% )  (83,46%)
       420.527.749      branches                  #  322,467 M/sec                    ( +-  0,12% )  (84,04%)
         1.077.186      branch-misses             #    0,26% of all branches          ( +-  0,48% )  (83,95%)

           0,30792 +- 0,00315 seconds time elapsed  ( +-  1,02% )


 Performance counter stats for './mandelbrot_pth -0.8 -0.7 0.05 0.15 2048 8' (10 runs):

          5.102,77 msec task-clock                #    4,625 CPUs utilized            ( +-  0,03% )
               522      context-switches          #    0,102 K/sec                    ( +-  1,33% )
                28      cpu-migrations            #    0,005 K/sec                    ( +- 10,25% )
            41.058      page-faults               #    0,008 M/sec                    ( +-  0,00% )
    18.148.114.500      cycles                    #    3,557 GHz                      ( +-  0,02% )  (83,28%)
         9.899.126      stalled-cycles-frontend   #    0,05% frontend cycles idle     ( +-  0,46% )  (83,42%)
    15.654.663.985      stalled-cycles-backend    #   86,26% backend cycles idle      ( +-  0,02% )  (83,59%)
    20.382.312.521      instructions              #    1,12  insn per cycle         
                                                  #    0,77  stalled cycles per insn  ( +-  0,04% )  (83,35%)
     1.705.447.444      branches                  #  334,220 M/sec                    ( +-  0,05% )  (83,13%)
         4.228.679      branch-misses             #    0,25% of all branches          ( +-  0,39% )  (83,22%)

           1,10333 +- 0,00623 seconds time elapsed  ( +-  0,56% )


 Performance counter stats for './mandelbrot_pth -0.8 -0.7 0.05 0.15 4096 8' (10 runs):

         20.271,64 msec task-clock                #    4,586 CPUs utilized            ( +-  0,02% )
             2.056      context-switches          #    0,101 K/sec                    ( +-  1,09% )
               108      cpu-migrations            #    0,005 K/sec                    ( +-  8,82% )
           163.939      page-faults               #    0,008 M/sec                    ( +-  0,00% )
    72.547.605.907      cycles                    #    3,579 GHz                      ( +-  0,01% )  (83,29%)
        38.825.056      stalled-cycles-frontend   #    0,05% frontend cycles idle     ( +-  0,50% )  (83,31%)
    62.663.900.792      stalled-cycles-backend    #   86,38% backend cycles idle      ( +-  0,01% )  (83,34%)
    81.463.226.123      instructions              #    1,12  insn per cycle         
                                                  #    0,77  stalled cycles per insn  ( +-  0,01% )  (83,37%)
     6.794.575.830      branches                  #  335,176 M/sec                    ( +-  0,01% )  (83,39%)
        16.694.336      branch-misses             #    0,25% of all branches          ( +-  0,35% )  (83,31%)

            4,4199 +- 0,0638 seconds time elapsed  ( +-  1,44% )


 Performance counter stats for './mandelbrot_pth -0.8 -0.7 0.05 0.15 8192 8' (10 runs):

         80.929,82 msec task-clock                #    4,740 CPUs utilized            ( +-  0,02% )
             8.088      context-switches          #    0,100 K/sec                    ( +-  0,18% )
               462      cpu-migrations            #    0,006 K/sec                    ( +-  6,40% )
           655.458      page-faults               #    0,008 M/sec                    ( +-  0,00% )
   290.101.593.797      cycles                    #    3,585 GHz                      ( +-  0,01% )  (83,33%)
       151.955.672      stalled-cycles-frontend   #    0,05% frontend cycles idle     ( +-  1,35% )  (83,33%)
   250.604.709.303      stalled-cycles-backend    #   86,39% backend cycles idle      ( +-  0,02% )  (83,33%)
   325.960.642.495      instructions              #    1,12  insn per cycle         
                                                  #    0,77  stalled cycles per insn  ( +-  0,00% )  (83,34%)
    27.199.272.314      branches                  #  336,085 M/sec                    ( +-  0,01% )  (83,33%)
        66.056.990      branch-misses             #    0,24% of all branches          ( +-  0,36% )  (83,33%)

           17,0727 +- 0,0633 seconds time elapsed  ( +-  0,37% )


 Performance counter stats for './mandelbrot_pth -0.8 -0.7 0.05 0.15 16 16' (10 runs):

              1,92 msec task-clock                #    1,845 CPUs utilized            ( +-  2,63% )
                16      context-switches          #    0,008 M/sec                    ( +- 14,97% )
                 2      cpu-migrations            #    0,001 M/sec                    ( +- 30,55% )
               117      page-faults               #    0,061 M/sec                    ( +-  0,70% )
         4.327.826      cycles                    #    2,254 GHz                      ( +-  4,84% )  (73,54%)
           465.808      stalled-cycles-frontend   #   10,76% frontend cycles idle     ( +-  7,83% )
         1.984.587      stalled-cycles-backend    #   45,86% backend cycles idle      ( +-  1,97% )
         3.824.286      instructions              #    0,88  insn per cycle         
                                                  #    0,52  stalled cycles per insn  ( +-  0,85% )
           629.770      branches                  #  327,976 M/sec                    ( +-  1,15% )
     <not counted>      branch-misses                                                 ( +- 51,17% )  (26,46%)

         0,0010409 +- 0,0000405 seconds time elapsed  ( +-  3,89% )

Some events weren't counted. Try disabling the NMI watchdog:
	echo 0 > /proc/sys/kernel/nmi_watchdog
	perf stat ...
	echo 1 > /proc/sys/kernel/nmi_watchdog

 Performance counter stats for './mandelbrot_pth -0.8 -0.7 0.05 0.15 32 16' (10 runs):

              3,22 msec task-clock                #    2,634 CPUs utilized            ( +-  1,85% )
                20      context-switches          #    0,006 M/sec                    ( +-  4,95% )
                 2      cpu-migrations            #    0,589 K/sec                    ( +-  9,45% )
               125      page-faults               #    0,039 M/sec                    ( +-  0,39% )
         8.185.649      cycles                    #    2,539 GHz                      ( +-  3,55% )  (89,29%)
           483.826      stalled-cycles-frontend   #    5,91% frontend cycles idle     ( +-  3,13% )
         4.922.388      stalled-cycles-backend    #   60,13% backend cycles idle      ( +-  1,06% )
         7.595.112      instructions              #    0,93  insn per cycle         
                                                  #    0,65  stalled cycles per insn  ( +-  0,39% )
           948.786      branches                  #  294,300 M/sec                    ( +-  0,61% )
     <not counted>      branch-misses                                                 ( +- 67,39% )  (10,71%)

         0,0012241 +- 0,0000336 seconds time elapsed  ( +-  2,75% )

Some events weren't counted. Try disabling the NMI watchdog:
	echo 0 > /proc/sys/kernel/nmi_watchdog
	perf stat ...
	echo 1 > /proc/sys/kernel/nmi_watchdog

 Performance counter stats for './mandelbrot_pth -0.8 -0.7 0.05 0.15 64 16' (10 runs):

              8,13 msec task-clock                #    3,498 CPUs utilized            ( +-  2,44% )
                20      context-switches          #    0,002 M/sec                    ( +-  6,88% )
                 3      cpu-migrations            #    0,357 K/sec                    ( +- 12,00% )
               155      page-faults               #    0,019 M/sec                    ( +-  0,33% )
        21.800.500      cycles                    #    2,680 GHz                      ( +-  4,63% )  (81,53%)
           375.641      stalled-cycles-frontend   #    1,72% frontend cycles idle     ( +-  4,12% )
        16.199.751      stalled-cycles-backend    #   74,31% backend cycles idle      ( +-  0,14% )
        22.476.518      instructions              #    1,03  insn per cycle         
                                                  #    0,72  stalled cycles per insn  ( +-  0,07% )
         2.180.712      branches                  #  268,116 M/sec                    ( +-  0,14% )
     <not counted>      branch-misses                                                 ( +- 42,28% )  (18,47%)

         0,0023253 +- 0,0000751 seconds time elapsed  ( +-  3,23% )

Some events weren't counted. Try disabling the NMI watchdog:
	echo 0 > /proc/sys/kernel/nmi_watchdog
	perf stat ...
	echo 1 > /proc/sys/kernel/nmi_watchdog

 Performance counter stats for './mandelbrot_pth -0.8 -0.7 0.05 0.15 128 16' (10 runs):

             26,30 msec task-clock                #    4,165 CPUs utilized            ( +-  2,58% )
                17      context-switches          #    0,650 K/sec                    ( +-  6,66% )
                 4      cpu-migrations            #    0,148 K/sec                    ( +- 12,36% )
               274      page-faults               #    0,010 M/sec                    ( +-  0,14% )
        75.077.051      cycles                    #    2,855 GHz                      ( +-  1,00% )  (71,34%)
           360.433      stalled-cycles-frontend   #    0,48% frontend cycles idle     ( +-  2,18% )  (98,81%)
        61.978.917      stalled-cycles-backend    #   82,55% backend cycles idle      ( +-  0,07% )
        82.145.345      instructions              #    1,09  insn per cycle         
                                                  #    0,75  stalled cycles per insn  ( +-  0,02% )
         7.156.726      branches                  #  272,137 M/sec                    ( +-  0,05% )
            29.651      branch-misses             #    0,41% of all branches          ( +-  9,75% )  (29,85%)

          0,006314 +- 0,000198 seconds time elapsed  ( +-  3,13% )


 Performance counter stats for './mandelbrot_pth -0.8 -0.7 0.05 0.15 256 16' (10 runs):

             95,77 msec task-clock                #    4,570 CPUs utilized            ( +-  1,00% )
                23      context-switches          #    0,237 K/sec                    ( +-  3,54% )
                 7      cpu-migrations            #    0,073 K/sec                    ( +-  6,39% )
               755      page-faults               #    0,008 M/sec                    ( +-  0,05% )
       281.142.510      cycles                    #    2,936 GHz                      ( +-  0,66% )  (50,42%)
           579.494      stalled-cycles-frontend   #    0,21% frontend cycles idle     ( +-  7,14% )  (71,88%)
       247.313.186      stalled-cycles-backend    #   87,97% backend cycles idle      ( +-  0,30% )  (95,84%)
       320.996.476      instructions              #    1,14  insn per cycle         
                                                  #    0,77  stalled cycles per insn  ( +-  0,02% )  (99,84%)
        27.092.167      branches                  #  282,885 M/sec                    ( +-  0,02% )
            77.216      branch-misses             #    0,29% of all branches          ( +-  1,15% )  (82,02%)

          0,020956 +- 0,000204 seconds time elapsed  ( +-  0,97% )


 Performance counter stats for './mandelbrot_pth -0.8 -0.7 0.05 0.15 512 16' (10 runs):

            346,55 msec task-clock                #    4,734 CPUs utilized            ( +-  0,23% )
                56      context-switches          #    0,160 K/sec                    ( +-  2,79% )
                12      cpu-migrations            #    0,033 K/sec                    ( +-  7,13% )
             2.675      page-faults               #    0,008 M/sec                    ( +-  0,02% )
     1.131.569.494      cycles                    #    3,265 GHz                      ( +-  0,14% )  (87,84%)
           788.449      stalled-cycles-frontend   #    0,07% frontend cycles idle     ( +-  4,91% )  (83,10%)
       986.515.890      stalled-cycles-backend    #   87,18% backend cycles idle      ( +-  0,15% )  (78,92%)
     1.293.972.388      instructions              #    1,14  insn per cycle         
                                                  #    0,76  stalled cycles per insn  ( +-  0,24% )  (81,06%)
       107.269.907      branches                  #  309,535 M/sec                    ( +-  0,73% )  (83,02%)
           278.130      branch-misses             #    0,26% of all branches          ( +-  0,39% )  (86,08%)

           0,07321 +- 0,00117 seconds time elapsed  ( +-  1,59% )


 Performance counter stats for './mandelbrot_pth -0.8 -0.7 0.05 0.15 1024 16' (10 runs):

          1.302,68 msec task-clock                #    4,831 CPUs utilized            ( +-  0,03% )
               182      context-switches          #    0,140 K/sec                    ( +-  0,75% )
                15      cpu-migrations            #    0,011 K/sec                    ( +-  2,73% )
            10.354      page-faults               #    0,008 M/sec                    ( +-  0,00% )
     4.555.849.739      cycles                    #    3,497 GHz                      ( +-  0,05% )  (82,36%)
         2.964.133      stalled-cycles-frontend   #    0,07% frontend cycles idle     ( +-  0,57% )  (82,42%)
     3.923.395.751      stalled-cycles-backend    #   86,12% backend cycles idle      ( +-  0,05% )  (83,02%)
     5.079.394.940      instructions              #    1,11  insn per cycle         
                                                  #    0,77  stalled cycles per insn  ( +-  0,08% )  (83,47%)
       420.958.527      branches                  #  323,148 M/sec                    ( +-  0,17% )  (84,44%)
         1.067.488      branch-misses             #    0,25% of all branches          ( +-  0,43% )  (84,29%)

           0,26965 +- 0,00133 seconds time elapsed  ( +-  0,49% )


 Performance counter stats for './mandelbrot_pth -0.8 -0.7 0.05 0.15 2048 16' (10 runs):

          5.102,90 msec task-clock                #    4,876 CPUs utilized            ( +-  0,02% )
               668      context-switches          #    0,131 K/sec                    ( +-  0,75% )
                26      cpu-migrations            #    0,005 K/sec                    ( +-  8,24% )
            41.075      page-faults               #    0,008 M/sec                    ( +-  0,00% )
    18.165.303.945      cycles                    #    3,560 GHz                      ( +-  0,01% )  (83,21%)
        10.733.696      stalled-cycles-frontend   #    0,06% frontend cycles idle     ( +-  0,55% )  (83,38%)
    15.658.800.333      stalled-cycles-backend    #   86,20% backend cycles idle      ( +-  0,02% )  (83,66%)
    20.353.783.731      instructions              #    1,12  insn per cycle         
                                                  #    0,77  stalled cycles per insn  ( +-  0,03% )  (83,60%)
     1.704.528.775      branches                  #  334,031 M/sec                    ( +-  0,07% )  (83,19%)
         4.263.815      branch-misses             #    0,25% of all branches          ( +-  0,37% )  (82,96%)

           1,04651 +- 0,00529 seconds time elapsed  ( +-  0,51% )


 Performance counter stats for './mandelbrot_pth -0.8 -0.7 0.05 0.15 4096 16' (10 runs):

         20.271,81 msec task-clock                #    4,929 CPUs utilized            ( +-  0,02% )
             2.754      context-switches          #    0,136 K/sec                    ( +-  0,70% )
                99      cpu-migrations            #    0,005 K/sec                    ( +-  5,25% )
           163.955      page-faults               #    0,008 M/sec                    ( +-  0,00% )
    72.561.167.193      cycles                    #    3,579 GHz                      ( +-  0,01% )  (83,26%)
        41.675.596      stalled-cycles-frontend   #    0,06% frontend cycles idle     ( +-  0,78% )  (83,27%)
    62.662.669.842      stalled-cycles-backend    #   86,36% backend cycles idle      ( +-  0,01% )  (83,33%)
    81.465.655.119      instructions              #    1,12  insn per cycle         
                                                  #    0,77  stalled cycles per insn  ( +-  0,01% )  (83,39%)
     6.796.274.350      branches                  #  335,257 M/sec                    ( +-  0,02% )  (83,41%)
        16.838.337      branch-misses             #    0,25% of all branches          ( +-  0,21% )  (83,33%)

            4,1126 +- 0,0173 seconds time elapsed  ( +-  0,42% )


 Performance counter stats for './mandelbrot_pth -0.8 -0.7 0.05 0.15 8192 16' (10 runs):

         80.922,44 msec task-clock                #    4,972 CPUs utilized            ( +-  0,02% )
            10.926      context-switches          #    0,135 K/sec                    ( +-  0,52% )
               349      cpu-migrations            #    0,004 K/sec                    ( +-  6,66% )
           655.475      page-faults               #    0,008 M/sec                    ( +-  0,00% )
   290.148.386.484      cycles                    #    3,586 GHz                      ( +-  0,02% )  (83,32%)
       162.713.681      stalled-cycles-frontend   #    0,06% frontend cycles idle     ( +-  0,79% )  (83,33%)
   250.648.201.458      stalled-cycles-backend    #   86,39% backend cycles idle      ( +-  0,02% )  (83,34%)
   325.959.589.161      instructions              #    1,12  insn per cycle         
                                                  #    0,77  stalled cycles per insn  ( +-  0,00% )  (83,34%)
    27.201.258.171      branches                  #  336,140 M/sec                    ( +-  0,01% )  (83,34%)
        66.426.219      branch-misses             #    0,24% of all branches          ( +-  0,26% )  (83,33%)

           16,2750 +- 0,0739 seconds time elapsed  ( +-  0,45% )


 Performance counter stats for './mandelbrot_pth -0.8 -0.7 0.05 0.15 16 32' (10 runs):

              2,63 msec task-clock                #    1,659 CPUs utilized            ( +-  3,09% )
                18      context-switches          #    0,007 M/sec                    ( +- 25,57% )
                 3      cpu-migrations            #    0,001 M/sec                    ( +- 50,54% )
               149      page-faults               #    0,057 M/sec                    ( +-  0,35% )
         5.872.422      cycles                    #    2,233 GHz                      ( +-  2,59% )  (89,42%)
           682.325      stalled-cycles-frontend   #   11,62% frontend cycles idle     ( +-  6,76% )
         2.558.304      stalled-cycles-backend    #   43,56% backend cycles idle      ( +-  2,58% )
         5.040.735      instructions              #    0,86  insn per cycle         
                                                  #    0,51  stalled cycles per insn  ( +-  1,09% )
           883.274      branches                  #  335,929 M/sec                    ( +-  1,34% )
     <not counted>      branch-misses                                                 ( +- 53,27% )  (10,58%)

         0,0015850 +- 0,0000615 seconds time elapsed  ( +-  3,88% )

Some events weren't counted. Try disabling the NMI watchdog:
	echo 0 > /proc/sys/kernel/nmi_watchdog
	perf stat ...
	echo 1 > /proc/sys/kernel/nmi_watchdog

 Performance counter stats for './mandelbrot_pth -0.8 -0.7 0.05 0.15 32 32' (10 runs):

              3,89 msec task-clock                #    2,561 CPUs utilized            ( +-  3,30% )
                26      context-switches          #    0,007 M/sec                    ( +-  9,63% )
                 6      cpu-migrations            #    0,001 M/sec                    ( +- 28,37% )
               156      page-faults               #    0,040 M/sec                    ( +-  0,32% )
         9.435.973      cycles                    #    2,423 GHz                      ( +-  1,63% )  (94,33%)
           754.093      stalled-cycles-frontend   #    7,99% frontend cycles idle     ( +-  7,33% )
         5.522.385      stalled-cycles-backend    #   58,52% backend cycles idle      ( +-  1,05% )
         8.879.494      instructions              #    0,94  insn per cycle         
                                                  #    0,62  stalled cycles per insn  ( +-  0,44% )
         1.216.250      branches                  #  312,283 M/sec                    ( +-  0,72% )
     <not counted>      branch-misses                                                 ( +- 81,76% )  (5,67%)

         0,0015210 +- 0,0000478 seconds time elapsed  ( +-  3,14% )

Some events weren't counted. Try disabling the NMI watchdog:
	echo 0 > /proc/sys/kernel/nmi_watchdog
	perf stat ...
	echo 1 > /proc/sys/kernel/nmi_watchdog

 Performance counter stats for './mandelbrot_pth -0.8 -0.7 0.05 0.15 64 32' (10 runs):

              8,93 msec task-clock                #    3,445 CPUs utilized            ( +-  2,07% )
                39      context-switches          #    0,004 M/sec                    ( +-  6,46% )
                 4      cpu-migrations            #    0,459 K/sec                    ( +- 21,95% )
               187      page-faults               #    0,021 M/sec                    ( +-  0,38% )
        22.893.223      cycles                    #    2,564 GHz                      ( +-  0,52% )  (91,37%)
           763.952      stalled-cycles-frontend   #    3,34% frontend cycles idle     ( +-  4,87% )
        16.986.634      stalled-cycles-backend    #   74,20% backend cycles idle      ( +-  0,32% )
        23.957.425      instructions              #    1,05  insn per cycle         
                                                  #    0,71  stalled cycles per insn  ( +-  0,15% )
         2.490.840      branches                  #  278,979 M/sec                    ( +-  0,30% )
            21.458      branch-misses             #    0,86% of all branches          ( +- 48,29% )  (8,63%)

         0,0025920 +- 0,0000963 seconds time elapsed  ( +-  3,72% )


 Performance counter stats for './mandelbrot_pth -0.8 -0.7 0.05 0.15 128 32' (10 runs):

             25,14 msec task-clock                #    4,436 CPUs utilized            ( +-  3,66% )
                36      context-switches          #    0,001 M/sec                    ( +-  7,30% )
                 9      cpu-migrations            #    0,354 K/sec                    ( +- 10,52% )
               307      page-faults               #    0,012 M/sec                    ( +-  0,19% )
        75.578.424      cycles                    #    3,007 GHz                      ( +-  0,58% )  (72,63%)
           615.869      stalled-cycles-frontend   #    0,81% frontend cycles idle     ( +-  4,72% )  (98,51%)
        62.712.182      stalled-cycles-backend    #   82,98% backend cycles idle      ( +-  0,11% )
        83.545.390      instructions              #    1,11  insn per cycle         
                                                  #    0,75  stalled cycles per insn  ( +-  0,05% )
         7.449.037      branches                  #  296,340 M/sec                    ( +-  0,11% )
            31.994      branch-misses             #    0,43% of all branches          ( +- 10,88% )  (28,86%)

          0,005667 +- 0,000225 seconds time elapsed  ( +-  3,98% )


 Performance counter stats for './mandelbrot_pth -0.8 -0.7 0.05 0.15 256 32' (10 runs):

             94,64 msec task-clock                #    4,891 CPUs utilized            ( +-  1,24% )
                42      context-switches          #    0,445 K/sec                    ( +-  3,87% )
                18      cpu-migrations            #    0,187 K/sec                    ( +-  5,20% )
               788      page-faults               #    0,008 M/sec                    ( +-  0,07% )
       283.826.261      cycles                    #    2,999 GHz                      ( +-  1,41% )  (49,56%)
           822.942      stalled-cycles-frontend   #    0,29% frontend cycles idle     ( +-  6,14% )  (86,52%)
       246.561.287      stalled-cycles-backend    #   86,87% backend cycles idle      ( +-  0,05% )  (99,63%)
       322.543.160      instructions              #    1,14  insn per cycle         
                                                  #    0,76  stalled cycles per insn  ( +-  0,01% )
        27.397.806      branches                  #  289,510 M/sec                    ( +-  0,02% )
            82.231      branch-misses             #    0,30% of all branches          ( +-  1,17% )  (64,29%)

          0,019349 +- 0,000380 seconds time elapsed  ( +-  1,96% )


 Performance counter stats for './mandelbrot_pth -0.8 -0.7 0.05 0.15 512 32' (10 runs):

            346,53 msec task-clock                #    4,918 CPUs utilized            ( +-  0,37% )
                80      context-switches          #    0,230 K/sec                    ( +-  2,21% )
                23      cpu-migrations            #    0,067 K/sec                    ( +-  5,37% )
             2.708      page-faults               #    0,008 M/sec                    ( +-  0,01% )
     1.140.008.857      cycles                    #    3,290 GHz                      ( +-  0,09% )  (95,92%)
           948.313      stalled-cycles-frontend   #    0,08% frontend cycles idle     ( +-  5,61% )  (80,79%)
       976.400.430      stalled-cycles-backend    #   85,65% backend cycles idle      ( +-  0,23% )  (68,24%)
     1.287.413.733      instructions              #    1,13  insn per cycle         
                                                  #    0,76  stalled cycles per insn  ( +-  0,25% )  (76,23%)
       107.167.380      branches                  #  309,257 M/sec                    ( +-  0,90% )  (85,41%)
           281.812      branch-misses             #    0,26% of all branches          ( +-  0,30% )  (93,41%)

          0,070463 +- 0,000721 seconds time elapsed  ( +-  1,02% )


 Performance counter stats for './mandelbrot_pth -0.8 -0.7 0.05 0.15 1024 32' (10 runs):

          1.299,81 msec task-clock                #    4,945 CPUs utilized            ( +-  0,16% )
               257      context-switches          #    0,198 K/sec                    ( +-  2,35% )
                37      cpu-migrations            #    0,029 K/sec                    ( +-  3,81% )
            10.388      page-faults               #    0,008 M/sec                    ( +-  0,00% )
     4.553.819.578      cycles                    #    3,503 GHz                      ( +-  0,07% )  (81,47%)
         3.506.886      stalled-cycles-frontend   #    0,08% frontend cycles idle     ( +-  1,48% )  (81,04%)
     3.924.598.088      stalled-cycles-backend    #   86,18% backend cycles idle      ( +-  0,05% )  (82,48%)
     5.087.925.546      instructions              #    1,12  insn per cycle         
                                                  #    0,77  stalled cycles per insn  ( +-  0,10% )  (84,08%)
       421.883.271      branches                  #  324,573 M/sec                    ( +-  0,13% )  (85,73%)
         1.075.098      branch-misses             #    0,25% of all branches          ( +-  0,50% )  (85,19%)

          0,262866 +- 0,000986 seconds time elapsed  ( +-  0,38% )


 Performance counter stats for './mandelbrot_pth -0.8 -0.7 0.05 0.15 2048 32' (10 runs):

          5.101,62 msec task-clock                #    4,986 CPUs utilized            ( +-  0,02% )
             1.065      context-switches          #    0,209 K/sec                    ( +-  1,75% )
                43      cpu-migrations            #    0,008 K/sec                    ( +-  7,74% )
            41.107      page-faults               #    0,008 M/sec                    ( +-  0,00% )
    18.157.893.156      cycles                    #    3,559 GHz                      ( +-  0,01% )  (83,09%)
        12.165.256      stalled-cycles-frontend   #    0,07% frontend cycles idle     ( +-  0,63% )  (83,54%)
    15.658.533.087      stalled-cycles-backend    #   86,24% backend cycles idle      ( +-  0,01% )  (84,04%)
    20.367.546.398      instructions              #    1,12  insn per cycle         
                                                  #    0,77  stalled cycles per insn  ( +-  0,05% )  (83,82%)
     1.707.659.174      branches                  #  334,729 M/sec                    ( +-  0,06% )  (82,68%)
         4.251.333      branch-misses             #    0,25% of all branches          ( +-  0,32% )  (82,83%)

           1,02328 +- 0,00283 seconds time elapsed  ( +-  0,28% )


 Performance counter stats for './mandelbrot_pth -0.8 -0.7 0.05 0.15 4096 32' (10 runs):

         20.270,44 msec task-clock                #    5,028 CPUs utilized            ( +-  0,01% )
             4.532      context-switches          #    0,224 K/sec                    ( +-  0,70% )
               102      cpu-migrations            #    0,005 K/sec                    ( +- 10,38% )
           163.987      page-faults               #    0,008 M/sec                    ( +-  0,00% )
    72.583.109.620      cycles                    #    3,581 GHz                      ( +-  0,01% )  (83,22%)
        46.262.556      stalled-cycles-frontend   #    0,06% frontend cycles idle     ( +-  0,44% )  (83,19%)
    62.682.680.313      stalled-cycles-backend    #   86,36% backend cycles idle      ( +-  0,01% )  (83,29%)
    81.474.515.458      instructions              #    1,12  insn per cycle         
                                                  #    0,77  stalled cycles per insn  ( +-  0,01% )  (83,40%)
     6.796.580.607      branches                  #  335,295 M/sec                    ( +-  0,01% )  (83,49%)
        16.734.481      branch-misses             #    0,25% of all branches          ( +-  0,33% )  (83,41%)

           4,03119 +- 0,00721 seconds time elapsed  ( +-  0,18% )


 Performance counter stats for './mandelbrot_pth -0.8 -0.7 0.05 0.15 8192 32' (10 runs):

         80.943,82 msec task-clock                #    5,051 CPUs utilized            ( +-  0,01% )
            18.498      context-switches          #    0,229 K/sec                    ( +-  0,30% )
               473      cpu-migrations            #    0,006 K/sec                    ( +- 11,84% )
           655.507      page-faults               #    0,008 M/sec                    ( +-  0,00% )
   290.258.420.254      cycles                    #    3,586 GHz                      ( +-  0,01% )  (83,31%)
       183.400.602      stalled-cycles-frontend   #    0,06% frontend cycles idle     ( +-  0,70% )  (83,33%)
   250.660.487.708      stalled-cycles-backend    #   86,36% backend cycles idle      ( +-  0,01% )  (83,35%)
   325.979.667.633      instructions              #    1,12  insn per cycle         
                                                  #    0,77  stalled cycles per insn  ( +-  0,01% )  (83,35%)
    27.203.177.910      branches                  #  336,075 M/sec                    ( +-  0,01% )  (83,35%)
        66.508.456      branch-misses             #    0,24% of all branches          ( +-  0,58% )  (83,32%)

           16,0264 +- 0,0445 seconds time elapsed  ( +-  0,28% )

