
 Performance counter stats for 'mpirun --bind-to none --allow-run-as-root --oversubscribe -n 1 ./mandelbrot_ompi_omp -0.188 -0.012 0.554 0.754 4096 2' (15 runs):

         20,814.29 msec task-clock                #    1.918 CPUs utilized            ( +-  1.87% )
             1,642      context-switches          #    0.079 K/sec                    ( +-  3.73% )
                65      cpu-migrations            #    0.003 K/sec                    ( +-  4.24% )
             6,238      page-faults               #    0.300 K/sec                    ( +-  1.28% )
    76,331,044,869      cycles                    #    3.667 GHz                      ( +-  0.22% )
    82,912,253,435      instructions              #    1.09  insn per cycle           ( +-  0.00% )
     9,542,626,014      branches                  #  458.465 M/sec                    ( +-  0.01% )
        17,909,320      branch-misses             #    0.19% of all branches          ( +-  0.06% )

            10.851 +- 0.195 seconds time elapsed  ( +-  1.80% )


 Performance counter stats for 'mpirun --bind-to none --allow-run-as-root --oversubscribe -n 1 ./mandelbrot_ompi_omp -0.188 -0.012 0.554 0.754 4096 4' (15 runs):

         28,812.34 msec task-clock                #    3.744 CPUs utilized            ( +-  1.27% )
             1,845      context-switches          #    0.064 K/sec                    ( +-  5.71% )
                87      cpu-migrations            #    0.003 K/sec                    ( +-  5.41% )
             6,587      page-faults               #    0.229 K/sec                    ( +-  2.78% )
    78,332,707,232      cycles                    #    2.719 GHz                      ( +-  0.49% )
    82,936,165,861      instructions              #    1.06  insn per cycle           ( +-  0.00% )
     9,548,181,494      branches                  #  331.392 M/sec                    ( +-  0.01% )
        18,120,015      branch-misses             #    0.19% of all branches          ( +-  0.15% )

            7.6955 +- 0.0938 seconds time elapsed  ( +-  1.22% )


 Performance counter stats for 'mpirun --bind-to none --allow-run-as-root --oversubscribe -n 1 ./mandelbrot_ompi_omp -0.188 -0.012 0.554 0.754 4096 8' (15 runs):

         39,076.86 msec task-clock                #    7.060 CPUs utilized            ( +-  2.94% )
             5,472      context-switches          #    0.140 K/sec                    ( +- 21.45% )
                84      cpu-migrations            #    0.002 K/sec                    ( +- 15.80% )
             6,799      page-faults               #    0.174 K/sec                    ( +-  4.19% )
   100,928,251,600      cycles                    #    2.583 GHz                      ( +-  2.99% )
    83,429,420,272      instructions              #    0.83  insn per cycle           ( +-  0.16% )
     9,686,823,945      branches                  #  247.892 M/sec                    ( +-  0.39% )
        18,219,144      branch-misses             #    0.19% of all branches          ( +-  0.36% )

             5.535 +- 0.188 seconds time elapsed  ( +-  3.39% )


 Performance counter stats for 'mpirun --bind-to none --allow-run-as-root --oversubscribe -n 1 ./mandelbrot_ompi_omp -0.188 -0.012 0.554 0.754 4096 16' (15 runs):

         36,341.75 msec task-clock                #    6.638 CPUs utilized            ( +-  0.42% )
           119,587      context-switches          #    0.003 M/sec                    ( +-  0.94% )
            24,409      cpu-migrations            #    0.672 K/sec                    ( +-  2.77% )
             6,453      page-faults               #    0.178 K/sec                    ( +-  2.75% )
    93,335,853,783      cycles                    #    2.568 GHz                      ( +-  0.29% )
    84,193,283,355      instructions              #    0.90  insn per cycle           ( +-  0.01% )
     9,849,457,063      branches                  #  271.023 M/sec                    ( +-  0.03% )
        20,747,782      branch-misses             #    0.21% of all branches          ( +-  0.37% )

            5.4746 +- 0.0825 seconds time elapsed  ( +-  1.51% )


 Performance counter stats for 'mpirun --bind-to none --allow-run-as-root --oversubscribe -n 1 ./mandelbrot_ompi_omp -0.188 -0.012 0.554 0.754 4096 32' (15 runs):

         37,478.17 msec task-clock                #    6.519 CPUs utilized            ( +-  0.38% )
           253,563      context-switches          #    0.007 M/sec                    ( +-  0.26% )
            47,437      cpu-migrations            #    0.001 M/sec                    ( +-  3.04% )
             6,312      page-faults               #    0.168 K/sec                    ( +-  0.03% )
    97,923,050,951      cycles                    #    2.613 GHz                      ( +-  0.30% )
    85,678,028,712      instructions              #    0.87  insn per cycle           ( +-  0.01% )
    10,205,309,636      branches                  #  272.300 M/sec                    ( +-  0.02% )
        23,198,661      branch-misses             #    0.23% of all branches          ( +-  0.33% )

            5.7493 +- 0.0727 seconds time elapsed  ( +-  1.26% )


 Performance counter stats for 'mpirun --bind-to none --allow-run-as-root --oversubscribe -n 8 ./mandelbrot_ompi_omp -0.188 -0.012 0.554 0.754 4096 2' (15 runs):

         50,436.08 msec task-clock                #    7.185 CPUs utilized            ( +-  0.93% )
           517,659      context-switches          #    0.010 M/sec                    ( +- 17.53% )
               984      cpu-migrations            #    0.020 K/sec                    ( +-  4.03% )
            24,595      page-faults               #    0.488 K/sec                    ( +-  0.78% )
   129,920,892,982      cycles                    #    2.576 GHz                      ( +-  0.68% )
   102,539,933,035      instructions              #    0.79  insn per cycle           ( +-  1.19% )
    14,073,055,320      branches                  #  279.028 M/sec                    ( +-  1.96% )
        27,595,286      branch-misses             #    0.20% of all branches          ( +-  2.19% )

             7.019 +- 0.101 seconds time elapsed  ( +-  1.44% )


 Performance counter stats for 'mpirun --bind-to none --allow-run-as-root --oversubscribe -n 8 ./mandelbrot_ompi_omp -0.188 -0.012 0.554 0.754 4096 4' (15 runs):

        116,663.14 msec task-clock                #    7.551 CPUs utilized            ( +-  2.12% )
           336,640      context-switches          #    0.003 M/sec                    ( +- 21.21% )
             2,231      cpu-migrations            #    0.019 K/sec                    ( +- 10.57% )
            25,213      page-faults               #    0.216 K/sec                    ( +-  0.96% )
   341,221,865,391      cycles                    #    2.925 GHz                      ( +-  1.87% )
   105,578,265,443      instructions              #    0.31  insn per cycle           ( +-  1.27% )
    15,329,267,251      branches                  #  131.398 M/sec                    ( +-  2.06% )
        25,976,970      branch-misses             #    0.17% of all branches          ( +-  2.12% )

            15.450 +- 0.405 seconds time elapsed  ( +-  2.62% )


 Performance counter stats for 'mpirun --bind-to none --allow-run-as-root --oversubscribe -n 8 ./mandelbrot_ompi_omp -0.188 -0.012 0.554 0.754 4096 8' (15 runs):

        282,724.88 msec task-clock                #    7.736 CPUs utilized            ( +-  1.51% )
           357,489      context-switches          #    0.001 M/sec                    ( +- 11.14% )
             6,304      cpu-migrations            #    0.022 K/sec                    ( +-  9.03% )
            25,529      page-faults               #    0.090 K/sec                    ( +-  1.00% )
   870,038,688,774      cycles                    #    3.077 GHz                      ( +-  1.42% )
   123,526,093,562      instructions              #    0.14  insn per cycle           ( +-  0.55% )
    20,785,978,046      branches                  #   73.520 M/sec                    ( +-  0.87% )
        26,441,727      branch-misses             #    0.13% of all branches          ( +-  1.31% )

            36.549 +- 0.618 seconds time elapsed  ( +-  1.69% )


 Performance counter stats for 'mpirun --bind-to none --allow-run-as-root --oversubscribe -n 8 ./mandelbrot_ompi_omp -0.188 -0.012 0.554 0.754 4096 16' (15 runs):

         39,758.25 msec task-clock                #    6.457 CPUs utilized            ( +-  1.44% )
           291,489      context-switches          #    0.007 M/sec                    ( +-  9.73% )
            35,038      cpu-migrations            #    0.881 K/sec                    ( +-  1.85% )
            26,677      page-faults               #    0.671 K/sec                    ( +-  1.16% )
    99,017,851,550      cycles                    #    2.490 GHz                      ( +-  0.47% )
    93,532,360,389      instructions              #    0.94  insn per cycle           ( +-  0.70% )
    11,951,580,005      branches                  #  300.606 M/sec                    ( +-  1.25% )
        27,373,867      branch-misses             #    0.23% of all branches          ( +-  1.36% )

             6.158 +- 0.283 seconds time elapsed  ( +-  4.60% )


 Performance counter stats for 'mpirun --bind-to none --allow-run-as-root --oversubscribe -n 8 ./mandelbrot_ompi_omp -0.188 -0.012 0.554 0.754 4096 32' (15 runs):

         40,133.87 msec task-clock                #    6.712 CPUs utilized            ( +-  0.60% )
           383,487      context-switches          #    0.010 M/sec                    ( +-  5.59% )
            78,461      cpu-migrations            #    0.002 M/sec                    ( +-  0.98% )
            28,160      page-faults               #    0.702 K/sec                    ( +-  1.24% )
   101,392,972,007      cycles                    #    2.526 GHz                      ( +-  0.32% )
    93,269,162,111      instructions              #    0.92  insn per cycle           ( +-  0.43% )
    11,911,369,760      branches                  #  296.791 M/sec                    ( +-  0.76% )
        29,319,919      branch-misses             #    0.25% of all branches          ( +-  0.64% )

            5.9795 +- 0.0719 seconds time elapsed  ( +-  1.20% )


 Performance counter stats for 'mpirun --bind-to none --allow-run-as-root --oversubscribe -n 16 ./mandelbrot_ompi_omp -0.188 -0.012 0.554 0.754 4096 2' (15 runs):

         59,109.34 msec task-clock                #    7.253 CPUs utilized            ( +-  1.57% )
         3,082,055      context-switches          #    0.052 M/sec                    ( +-  7.11% )
             1,678      cpu-migrations            #    0.028 K/sec                    ( +-  4.47% )
            49,030      page-faults               #    0.829 K/sec                    ( +-  0.41% )
   155,205,862,151      cycles                    #    2.626 GHz                      ( +-  1.30% )
   107,114,193,845      instructions              #    0.69  insn per cycle           ( +-  1.43% )
    15,213,033,908      branches                  #  257.371 M/sec                    ( +-  2.31% )
        48,542,973      branch-misses             #    0.32% of all branches          ( +-  3.25% )

             8.150 +- 0.131 seconds time elapsed  ( +-  1.61% )


 Performance counter stats for 'mpirun --bind-to none --allow-run-as-root --oversubscribe -n 16 ./mandelbrot_ompi_omp -0.188 -0.012 0.554 0.754 4096 4' (15 runs):

        126,149.28 msec task-clock                #    7.580 CPUs utilized            ( +-  1.20% )
         1,487,502      context-switches          #    0.012 M/sec                    ( +-  5.59% )
             3,023      cpu-migrations            #    0.024 K/sec                    ( +-  6.76% )
            49,977      page-faults               #    0.396 K/sec                    ( +-  0.31% )
   375,067,781,531      cycles                    #    2.973 GHz                      ( +-  1.13% )
   105,456,843,973      instructions              #    0.28  insn per cycle           ( +-  0.60% )
    15,399,376,051      branches                  #  122.073 M/sec                    ( +-  0.98% )
        37,281,779      branch-misses             #    0.24% of all branches          ( +-  1.61% )

            16.643 +- 0.220 seconds time elapsed  ( +-  1.32% )


 Performance counter stats for 'mpirun --bind-to none --allow-run-as-root --oversubscribe -n 16 ./mandelbrot_ompi_omp -0.188 -0.012 0.554 0.754 4096 8' (15 runs):

        288,299.67 msec task-clock                #    7.708 CPUs utilized            ( +-  1.01% )
         1,419,394      context-switches          #    0.005 M/sec                    ( +-  5.23% )
             6,955      cpu-migrations            #    0.024 K/sec                    ( +-  7.23% )
            50,951      page-faults               #    0.177 K/sec                    ( +-  0.26% )
   875,742,322,160      cycles                    #    3.038 GHz                      ( +-  1.05% )
   127,123,254,704      instructions              #    0.15  insn per cycle           ( +-  0.42% )
    21,612,141,709      branches                  #   74.964 M/sec                    ( +-  0.64% )
        38,183,101      branch-misses             #    0.18% of all branches          ( +-  1.34% )

            37.403 +- 0.435 seconds time elapsed  ( +-  1.16% )


 Performance counter stats for 'mpirun --bind-to none --allow-run-as-root --oversubscribe -n 16 ./mandelbrot_ompi_omp -0.188 -0.012 0.554 0.754 4096 16' (15 runs):

         42,605.92 msec task-clock                #    6.967 CPUs utilized            ( +-  1.16% )
         2,208,803      context-switches          #    0.052 M/sec                    ( +-  5.26% )
            17,228      cpu-migrations            #    0.404 K/sec                    ( +-  4.74% )
            50,577      page-faults               #    0.001 M/sec                    ( +-  0.49% )
   104,641,733,026      cycles                    #    2.456 GHz                      ( +-  0.78% )
    99,104,350,690      instructions              #    0.95  insn per cycle           ( +-  0.91% )
    13,240,566,846      branches                  #  310.768 M/sec                    ( +-  1.56% )
        43,712,419      branch-misses             #    0.33% of all branches          ( +-  2.14% )

             6.115 +- 0.114 seconds time elapsed  ( +-  1.86% )


 Performance counter stats for 'mpirun --bind-to none --allow-run-as-root --oversubscribe -n 16 ./mandelbrot_ompi_omp -0.188 -0.012 0.554 0.754 4096 32' (15 runs):

         43,432.91 msec task-clock                #    6.980 CPUs utilized            ( +-  0.77% )
         1,863,669      context-switches          #    0.043 M/sec                    ( +-  4.54% )
            38,890      cpu-migrations            #    0.895 K/sec                    ( +-  3.11% )
            52,279      page-faults               #    0.001 M/sec                    ( +-  0.39% )
   106,964,911,046      cycles                    #    2.463 GHz                      ( +-  0.60% )
    99,693,202,797      instructions              #    0.93  insn per cycle           ( +-  0.65% )
    13,383,247,411      branches                  #  308.136 M/sec                    ( +-  1.10% )
        43,182,723      branch-misses             #    0.32% of all branches          ( +-  1.51% )

            6.2224 +- 0.0541 seconds time elapsed  ( +-  0.87% )


 Performance counter stats for 'mpirun --bind-to none --allow-run-as-root --oversubscribe -n 32 ./mandelbrot_ompi_omp -0.188 -0.012 0.554 0.754 4096 2' (15 runs):

         65,577.98 msec task-clock                #    7.318 CPUs utilized            ( +-  1.46% )
         4,724,109      context-switches          #    0.072 M/sec                    ( +-  4.45% )
             3,858      cpu-migrations            #    0.059 K/sec                    ( +-  5.67% )
            80,409      page-faults               #    0.001 M/sec                    ( +-  0.06% )
   171,145,915,215      cycles                    #    2.610 GHz                      ( +-  1.22% )
   107,381,644,563      instructions              #    0.63  insn per cycle           ( +-  0.93% )
    15,312,458,922      branches                  #  233.500 M/sec                    ( +-  1.52% )
        70,136,778      branch-misses             #    0.46% of all branches          ( +-  2.24% )

             8.961 +- 0.150 seconds time elapsed  ( +-  1.67% )


 Performance counter stats for 'mpirun --bind-to none --allow-run-as-root --oversubscribe -n 32 ./mandelbrot_ompi_omp -0.188 -0.012 0.554 0.754 4096 4' (15 runs):

        129,489.62 msec task-clock                #    7.623 CPUs utilized            ( +-  0.83% )
         2,753,994      context-switches          #    0.021 M/sec                    ( +-  5.33% )
             4,790      cpu-migrations            #    0.037 K/sec                    ( +-  6.37% )
            80,818      page-faults               #    0.624 K/sec                    ( +-  0.07% )
   379,211,499,583      cycles                    #    2.929 GHz                      ( +-  0.72% )
   108,829,982,208      instructions              #    0.29  insn per cycle           ( +-  0.51% )
    16,156,340,622      branches                  #  124.769 M/sec                    ( +-  0.80% )
        56,066,901      branch-misses             #    0.35% of all branches          ( +-  1.97% )

            16.987 +- 0.172 seconds time elapsed  ( +-  1.01% )


 Performance counter stats for 'mpirun --bind-to none --allow-run-as-root --oversubscribe -n 32 ./mandelbrot_ompi_omp -0.188 -0.012 0.554 0.754 4096 8' (15 runs):

        296,166.45 msec task-clock                #    7.735 CPUs utilized            ( +-  1.65% )
         3,120,753      context-switches          #    0.011 M/sec                    ( +-  6.85% )
             8,504      cpu-migrations            #    0.029 K/sec                    ( +-  7.51% )
            81,649      page-faults               #    0.276 K/sec                    ( +-  0.04% )
   891,110,427,993      cycles                    #    3.009 GHz                      ( +-  1.58% )
   132,357,525,306      instructions              #    0.15  insn per cycle           ( +-  0.89% )
    22,832,885,010      branches                  #   77.095 M/sec                    ( +-  1.32% )
        60,378,600      branch-misses             #    0.26% of all branches          ( +-  2.70% )

            38.289 +- 0.713 seconds time elapsed  ( +-  1.86% )


 Performance counter stats for 'mpirun --bind-to none --allow-run-as-root --oversubscribe -n 32 ./mandelbrot_ompi_omp -0.188 -0.012 0.554 0.754 4096 16' (15 runs):

         47,172.42 msec task-clock                #    7.101 CPUs utilized            ( +-  1.14% )
         4,753,954      context-switches          #    0.101 M/sec                    ( +-  5.94% )
            18,458      cpu-migrations            #    0.391 K/sec                    ( +-  3.73% )
            82,111      page-faults               #    0.002 M/sec                    ( +-  0.10% )
   114,973,454,928      cycles                    #    2.437 GHz                      ( +-  1.01% )
   106,915,667,225      instructions              #    0.93  insn per cycle           ( +-  0.99% )
    15,040,107,320      branches                  #  318.833 M/sec                    ( +-  1.63% )
        72,022,618      branch-misses             #    0.48% of all branches          ( +-  2.87% )

            6.6433 +- 0.0783 seconds time elapsed  ( +-  1.18% )


 Performance counter stats for 'mpirun --bind-to none --allow-run-as-root --oversubscribe -n 32 ./mandelbrot_ompi_omp -0.188 -0.012 0.554 0.754 4096 32' (15 runs):

         48,172.21 msec task-clock                #    7.037 CPUs utilized            ( +-  1.21% )
         4,659,374      context-switches          #    0.097 M/sec                    ( +-  3.80% )
            35,377      cpu-migrations            #    0.734 K/sec                    ( +-  4.94% )
            83,796      page-faults               #    0.002 M/sec                    ( +-  0.16% )
   118,322,662,902      cycles                    #    2.456 GHz                      ( +-  0.82% )
   108,246,402,668      instructions              #    0.91  insn per cycle           ( +-  0.88% )
    15,354,411,094      branches                  #  318.740 M/sec                    ( +-  1.41% )
        73,042,403      branch-misses             #    0.48% of all branches          ( +-  1.78% )

             6.845 +- 0.122 seconds time elapsed  ( +-  1.78% )


 Performance counter stats for 'mpirun --bind-to none --allow-run-as-root --oversubscribe -n 64 ./mandelbrot_ompi_omp -0.188 -0.012 0.554 0.754 4096 2' (15 runs):

         67,684.53 msec task-clock                #    7.389 CPUs utilized            ( +-  1.52% )
         5,309,697      context-switches          #    0.078 M/sec                    ( +-  4.02% )
            19,579      cpu-migrations            #    0.289 K/sec                    ( +-  8.19% )
           144,666      page-faults               #    0.002 M/sec                    ( +-  0.04% )
   181,828,389,116      cycles                    #    2.686 GHz                      ( +-  1.29% )
   110,783,807,490      instructions              #    0.61  insn per cycle           ( +-  0.88% )
    16,033,719,163      branches                  #  236.889 M/sec                    ( +-  1.43% )
        97,706,777      branch-misses             #    0.61% of all branches          ( +-  1.73% )

             9.161 +- 0.162 seconds time elapsed  ( +-  1.77% )


 Performance counter stats for 'mpirun --bind-to none --allow-run-as-root --oversubscribe -n 64 ./mandelbrot_ompi_omp -0.188 -0.012 0.554 0.754 4096 4' (15 runs):

        137,986.40 msec task-clock                #    7.619 CPUs utilized            ( +-  0.74% )
         4,343,862      context-switches          #    0.031 M/sec                    ( +-  3.36% )
            17,701      cpu-migrations            #    0.128 K/sec                    ( +- 10.10% )
           145,049      page-faults               #    0.001 M/sec                    ( +-  0.05% )
   410,293,525,090      cycles                    #    2.973 GHz                      ( +-  0.60% )
   117,834,347,970      instructions              #    0.29  insn per cycle           ( +-  0.31% )
    18,217,250,296      branches                  #  132.022 M/sec                    ( +-  0.47% )
        90,708,519      branch-misses             #    0.50% of all branches          ( +-  1.27% )

            18.110 +- 0.179 seconds time elapsed  ( +-  0.99% )


 Performance counter stats for 'mpirun --bind-to none --allow-run-as-root --oversubscribe -n 64 ./mandelbrot_ompi_omp -0.188 -0.012 0.554 0.754 4096 8' (15 runs):

        291,233.93 msec task-clock                #    7.772 CPUs utilized            ( +-  0.40% )
         5,021,285      context-switches          #    0.017 M/sec                    ( +-  2.67% )
            22,764      cpu-migrations            #    0.078 K/sec                    ( +-  6.40% )
           145,854      page-faults               #    0.501 K/sec                    ( +-  0.02% )
   873,473,923,236      cycles                    #    2.999 GHz                      ( +-  0.47% )
   140,353,461,561      instructions              #    0.16  insn per cycle           ( +-  0.33% )
    24,538,474,450      branches                  #   84.257 M/sec                    ( +-  0.45% )
        97,539,069      branch-misses             #    0.40% of all branches          ( +-  1.02% )

            37.474 +- 0.203 seconds time elapsed  ( +-  0.54% )


 Performance counter stats for 'mpirun --bind-to none --allow-run-as-root --oversubscribe -n 64 ./mandelbrot_ompi_omp -0.188 -0.012 0.554 0.754 4096 16' (15 runs):

         54,401.79 msec task-clock                #    7.219 CPUs utilized            ( +-  1.58% )
         6,037,024      context-switches          #    0.111 M/sec                    ( +-  4.55% )
            35,014      cpu-migrations            #    0.644 K/sec                    ( +-  5.13% )
           147,297      page-faults               #    0.003 M/sec                    ( +-  0.06% )
   126,524,501,413      cycles                    #    2.326 GHz                      ( +-  1.20% )
   113,789,411,217      instructions              #    0.90  insn per cycle           ( +-  1.28% )
    16,561,213,718      branches                  #  304.424 M/sec                    ( +-  2.02% )
       105,104,699      branch-misses             #    0.63% of all branches          ( +-  2.22% )

             7.536 +- 0.135 seconds time elapsed  ( +-  1.79% )


 Performance counter stats for 'mpirun --bind-to none --allow-run-as-root --oversubscribe -n 64 ./mandelbrot_ompi_omp -0.188 -0.012 0.554 0.754 4096 32' (15 runs):

         59,467.25 msec task-clock                #    7.193 CPUs utilized            ( +-  2.42% )
         7,057,436      context-switches          #    0.119 M/sec                    ( +-  5.40% )
            58,308      cpu-migrations            #    0.981 K/sec                    ( +-  4.38% )
           149,815      page-faults               #    0.003 M/sec                    ( +-  0.10% )
   136,285,437,737      cycles                    #    2.292 GHz                      ( +-  1.88% )
   121,575,332,668      instructions              #    0.89  insn per cycle           ( +-  2.08% )
    18,360,611,995      branches                  #  308.752 M/sec                    ( +-  3.16% )
       116,101,109      branch-misses             #    0.63% of all branches          ( +-  3.00% )

             8.268 +- 0.220 seconds time elapsed  ( +-  2.67% )

