 Performance counter stats for 'mpirun --bind-to none --allow-run-as-root --oversubscribe -n 1 ./mandelbrot_ompi -0.188 -0.012 0.554 0.754 4096' (15 runs):

         23,318.56 msec task-clock                #    0.947 CPUs utilized            ( +-  0.10% )
             1,648      context-switches          #    0.071 K/sec                    ( +-  2.41% )
                54      cpu-migrations            #    0.002 K/sec                    ( +-  4.32% )
             6,086      page-faults               #    0.261 K/sec                    ( +-  0.04% )
    71,749,382,059      cycles                    #    3.077 GHz                      ( +-  0.10% )
    85,376,399,858      instructions              #    1.19  insn per cycle           ( +-  0.00% )
     6,350,799,045      branches                  #  272.350 M/sec                    ( +-  0.01% )
        17,715,328      branch-misses             #    0.28% of all branches          ( +-  0.03% )

           24.6205 +- 0.0230 seconds time elapsed  ( +-  0.09% )


 Performance counter stats for 'mpirun --bind-to none --allow-run-as-root --oversubscribe -n 8 ./mandelbrot_ompi -0.188 -0.012 0.554 0.754 4096' (15 runs):

         37,583.72 msec task-clock                #    6.203 CPUs utilized            ( +-  0.89% )
            18,151      context-switches          #    0.483 K/sec                    ( +- 19.78% )
               830      cpu-migrations            #    0.022 K/sec                    ( +-  1.33% )
            22,851      page-faults               #    0.608 K/sec                    ( +-  0.47% )
    91,384,408,977      cycles                    #    2.431 GHz                      ( +-  0.75% )
    98,243,278,744      instructions              #    1.08  insn per cycle           ( +-  0.67% )
     9,244,448,104      branches                  #  245.969 M/sec                    ( +-  1.60% )
        23,335,378      branch-misses             #    0.25% of all branches          ( +-  0.49% )

            6.0589 +- 0.0655 seconds time elapsed  ( +-  1.08% )


 Performance counter stats for 'mpirun --bind-to none --allow-run-as-root --oversubscribe -n 16 ./mandelbrot_ompi -0.188 -0.012 0.554 0.754 4096' (15 runs):

         45,979.80 msec task-clock                #    6.506 CPUs utilized            ( +-  2.54% )
         3,655,588      context-switches          #    0.080 M/sec                    ( +-  8.20% )
             1,393      cpu-migrations            #    0.030 K/sec                    ( +-  2.05% )
            46,313      page-faults               #    0.001 M/sec                    ( +-  0.30% )
   107,023,470,842      cycles                    #    2.328 GHz                      ( +-  2.16% )
   112,892,911,149      instructions              #    1.05  insn per cycle           ( +-  2.18% )
    12,648,470,301      branches                  #  275.088 M/sec                    ( +-  4.45% )
        52,530,124      branch-misses             #    0.42% of all branches          ( +-  4.37% )

             7.067 +- 0.176 seconds time elapsed  ( +-  2.49% )


 Performance counter stats for 'mpirun --bind-to none --allow-run-as-root --oversubscribe -n 32 ./mandelbrot_ompi -0.188 -0.012 0.554 0.754 4096' (15 runs):

         41,694.54 msec task-clock                #    7.160 CPUs utilized            ( +-  1.35% )
         4,773,209      context-switches          #    0.114 M/sec                    ( +-  5.56% )
             2,971      cpu-migrations            #    0.071 K/sec                    ( +-  4.85% )
            78,644      page-faults               #    0.002 M/sec                    ( +-  0.03% )
   103,054,962,641      cycles                    #    2.472 GHz                      ( +-  1.12% )
   105,653,120,824      instructions              #    1.03  insn per cycle           ( +-  0.98% )
    11,003,351,593      branches                  #  263.904 M/sec                    ( +-  2.18% )
        68,986,445      branch-misses             #    0.63% of all branches          ( +-  2.74% )

            5.8229 +- 0.0803 seconds time elapsed  ( +-  1.38% )


 Performance counter stats for 'mpirun --bind-to none --allow-run-as-root --oversubscribe -n 64 ./mandelbrot_ompi -0.188 -0.012 0.554 0.754 4096' (15 runs):

         53,403.65 msec task-clock                #    7.132 CPUs utilized            ( +-  3.59% )
         7,918,995      context-switches          #    0.148 M/sec                    ( +-  8.56% )
            17,073      cpu-migrations            #    0.320 K/sec                    ( +- 10.78% )
           143,287      page-faults               #    0.003 M/sec                    ( +-  0.04% )
   125,231,819,912      cycles                    #    2.345 GHz                      ( +-  2.71% )
   121,306,520,709      instructions              #    0.97  insn per cycle           ( +-  2.46% )
    14,547,335,250      branches                  #  272.403 M/sec                    ( +-  4.74% )
       116,688,756      branch-misses             #    0.80% of all branches          ( +-  4.75% )

             7.488 +- 0.334 seconds time elapsed  ( +-  4.46% )
