
 Performance counter stats for 'mpirun --bind-to none --allow-run-as-root --oversubscribe -n 1 ./mandelbrot_ompi_pth -0.188 -0.012 0.554 0.754 4096 2' (15 runs):

         21,414.76 msec task-clock                #    1.817 CPUs utilized            ( +-  1.50% )
             1,590      context-switches          #    0.074 K/sec                    ( +-  1.95% )
                51      cpu-migrations            #    0.002 K/sec                    ( +-  5.24% )
             6,165      page-faults               #    0.288 K/sec                    ( +-  0.76% )
    71,745,113,682      cycles                    #    3.350 GHz                      ( +-  0.10% )
    85,368,917,560      instructions              #    1.19  insn per cycle           ( +-  0.00% )
     6,348,889,687      branches                  #  296.473 M/sec                    ( +-  0.01% )
        17,620,018      branch-misses             #    0.28% of all branches          ( +-  0.06% )

            11.785 +- 0.165 seconds time elapsed  ( +-  1.40% )


 Performance counter stats for 'mpirun --bind-to none --allow-run-as-root --oversubscribe -n 1 ./mandelbrot_ompi_pth -0.188 -0.012 0.554 0.754 4096 4' (15 runs):

         24,334.53 msec task-clock                #    3.437 CPUs utilized            ( +-  1.10% )
             1,522      context-switches          #    0.063 K/sec                    ( +-  0.19% )
                62      cpu-migrations            #    0.003 K/sec                    ( +-  2.64% )
             6,134      page-faults               #    0.252 K/sec                    ( +-  0.56% )
    71,602,664,900      cycles                    #    2.942 GHz                      ( +-  0.02% )
    85,369,840,963      instructions              #    1.19  insn per cycle           ( +-  0.00% )
     6,348,978,784      branches                  #  260.904 M/sec                    ( +-  0.00% )
        17,604,309      branch-misses             #    0.28% of all branches          ( +-  0.01% )

            7.0804 +- 0.0700 seconds time elapsed  ( +-  0.99% )


 Performance counter stats for 'mpirun --bind-to none --allow-run-as-root --oversubscribe -n 1 ./mandelbrot_ompi_pth -0.188 -0.012 0.554 0.754 4096 8' (15 runs):

         32,664.10 msec task-clock                #    6.554 CPUs utilized            ( +-  0.24% )
             1,851      context-switches          #    0.057 K/sec                    ( +-  2.05% )
                42      cpu-migrations            #    0.001 K/sec                    ( +-  3.90% )
             6,141      page-faults               #    0.188 K/sec                    ( +-  0.56% )
    87,296,758,255      cycles                    #    2.673 GHz                      ( +-  0.16% )
    85,376,826,000      instructions              #    0.98  insn per cycle           ( +-  0.00% )
     6,350,461,918      branches                  #  194.417 M/sec                    ( +-  0.00% )
        17,618,538      branch-misses             #    0.28% of all branches          ( +-  0.02% )

            4.9837 +- 0.0234 seconds time elapsed  ( +-  0.47% )


 Performance counter stats for 'mpirun --bind-to none --allow-run-as-root --oversubscribe -n 1 ./mandelbrot_ompi_pth -0.188 -0.012 0.554 0.754 4096 16' (15 runs):

         33,527.96 msec task-clock                #    6.916 CPUs utilized            ( +-  0.19% )
             8,065      context-switches          #    0.241 K/sec                    ( +-  0.93% )
               132      cpu-migrations            #    0.004 K/sec                    ( +-  8.43% )
             6,156      page-faults               #    0.184 K/sec                    ( +-  0.56% )
    88,429,879,815      cycles                    #    2.637 GHz                      ( +-  0.08% )
    85,395,512,902      instructions              #    0.97  insn per cycle           ( +-  0.00% )
     6,354,771,212      branches                  #  189.536 M/sec                    ( +-  0.01% )
        17,689,445      branch-misses             #    0.28% of all branches          ( +-  0.04% )

            4.8482 +- 0.0191 seconds time elapsed  ( +-  0.39% )


 Performance counter stats for 'mpirun --bind-to none --allow-run-as-root --oversubscribe -n 1 ./mandelbrot_ompi_pth -0.188 -0.012 0.554 0.754 4096 32' (15 runs):

         33,576.51 msec task-clock                #    7.035 CPUs utilized            ( +-  0.08% )
             9,601      context-switches          #    0.286 K/sec                    ( +-  0.40% )
               165      cpu-migrations            #    0.005 K/sec                    ( +- 10.07% )
             6,258      page-faults               #    0.186 K/sec                    ( +-  0.86% )
    88,530,682,661      cycles                    #    2.637 GHz                      ( +-  0.03% )
    85,399,526,556      instructions              #    0.96  insn per cycle           ( +-  0.00% )
     6,355,668,497      branches                  #  189.289 M/sec                    ( +-  0.00% )
        17,692,449      branch-misses             #    0.28% of all branches          ( +-  0.02% )

            4.7726 +- 0.0184 seconds time elapsed  ( +-  0.39% )


 Performance counter stats for 'mpirun --bind-to none --allow-run-as-root --oversubscribe -n 8 ./mandelbrot_ompi_pth -0.188 -0.012 0.554 0.754 4096 2' (15 runs):

         37,449.51 msec task-clock                #    7.035 CPUs utilized            ( +-  0.55% )
           100,716      context-switches          #    0.003 M/sec                    ( +- 28.44% )
               806      cpu-migrations            #    0.022 K/sec                    ( +-  1.74% )
            23,206      page-faults               #    0.620 K/sec                    ( +-  0.34% )
    97,002,904,026      cycles                    #    2.590 GHz                      ( +-  0.48% )
    95,437,152,211      instructions              #    0.98  insn per cycle           ( +-  0.52% )
     8,616,825,057      branches                  #  230.092 M/sec                    ( +-  1.30% )
        23,290,460      branch-misses             #    0.27% of all branches          ( +-  0.98% )

            5.3233 +- 0.0310 seconds time elapsed  ( +-  0.58% )


 Performance counter stats for 'mpirun --bind-to none --allow-run-as-root --oversubscribe -n 8 ./mandelbrot_ompi_pth -0.188 -0.012 0.554 0.754 4096 4' (15 runs):

         36,121.54 msec task-clock                #    7.003 CPUs utilized            ( +-  0.15% )
           121,442      context-switches          #    0.003 M/sec                    ( +- 21.69% )
               857      cpu-migrations            #    0.024 K/sec                    ( +-  1.68% )
            22,694      page-faults               #    0.628 K/sec                    ( +-  0.56% )
    94,039,851,095      cycles                    #    2.603 GHz                      ( +-  0.16% )
    91,569,870,407      instructions              #    0.97  insn per cycle           ( +-  0.17% )
     7,743,479,474      branches                  #  214.373 M/sec                    ( +-  0.46% )
        22,849,429      branch-misses             #    0.30% of all branches          ( +-  0.72% )

            5.1578 +- 0.0128 seconds time elapsed  ( +-  0.25% )


 Performance counter stats for 'mpirun --bind-to none --allow-run-as-root --oversubscribe -n 8 ./mandelbrot_ompi_pth -0.188 -0.012 0.554 0.754 4096 8' (15 runs):

         35,627.82 msec task-clock                #    7.019 CPUs utilized            ( +-  0.10% )
            79,063      context-switches          #    0.002 M/sec                    ( +- 16.25% )
               864      cpu-migrations            #    0.024 K/sec                    ( +-  2.67% )
            23,072      page-faults               #    0.648 K/sec                    ( +-  0.48% )
    92,918,239,148      cycles                    #    2.608 GHz                      ( +-  0.11% )
    90,296,307,789      instructions              #    0.97  insn per cycle           ( +-  0.12% )
     7,453,159,444      branches                  #  209.195 M/sec                    ( +-  0.33% )
        22,401,516      branch-misses             #    0.30% of all branches          ( +-  0.39% )

            5.0762 +- 0.0140 seconds time elapsed  ( +-  0.28% )


 Performance counter stats for 'mpirun --bind-to none --allow-run-as-root --oversubscribe -n 8 ./mandelbrot_ompi_pth -0.188 -0.012 0.554 0.754 4096 16' (15 runs):

         35,302.62 msec task-clock                #    6.966 CPUs utilized            ( +-  0.17% )
            65,085      context-switches          #    0.002 M/sec                    ( +- 14.83% )
               889      cpu-migrations            #    0.025 K/sec                    ( +-  3.75% )
            23,335      page-faults               #    0.661 K/sec                    ( +-  0.20% )
    92,150,594,260      cycles                    #    2.610 GHz                      ( +-  0.15% )
    89,332,503,094      instructions              #    0.97  insn per cycle           ( +-  0.18% )
     7,233,600,247      branches                  #  204.903 M/sec                    ( +-  0.50% )
        22,202,361      branch-misses             #    0.31% of all branches          ( +-  0.23% )

            5.0676 +- 0.0179 seconds time elapsed  ( +-  0.35% )


 Performance counter stats for 'mpirun --bind-to none --allow-run-as-root --oversubscribe -n 8 ./mandelbrot_ompi_pth -0.188 -0.012 0.554 0.754 4096 32' (15 runs):

         35,153.52 msec task-clock                #    6.989 CPUs utilized            ( +-  0.18% )
            68,537      context-switches          #    0.002 M/sec                    ( +- 13.48% )
               946      cpu-migrations            #    0.027 K/sec                    ( +-  1.83% )
            23,536      page-faults               #    0.670 K/sec                    ( +-  0.29% )
    91,875,440,453      cycles                    #    2.614 GHz                      ( +-  0.15% )
    88,946,879,156      instructions              #    0.97  insn per cycle           ( +-  0.18% )
     7,145,676,914      branches                  #  203.271 M/sec                    ( +-  0.49% )
        22,184,078      branch-misses             #    0.31% of all branches          ( +-  0.25% )

            5.0301 +- 0.0145 seconds time elapsed  ( +-  0.29% )


 Performance counter stats for 'mpirun --bind-to none --allow-run-as-root --oversubscribe -n 16 ./mandelbrot_ompi_pth -0.188 -0.012 0.554 0.754 4096 2' (15 runs):

         38,428.80 msec task-clock                #    7.061 CPUs utilized            ( +-  0.37% )
         1,530,768      context-switches          #    0.040 M/sec                    ( +-  5.56% )
             1,131      cpu-migrations            #    0.029 K/sec                    ( +-  2.11% )
            46,414      page-faults               #    0.001 M/sec                    ( +-  0.35% )
    99,026,793,954      cycles                    #    2.577 GHz                      ( +-  0.31% )
    96,065,475,671      instructions              #    0.97  insn per cycle           ( +-  0.31% )
     8,783,645,331      branches                  #  228.569 M/sec                    ( +-  0.78% )
        36,370,312      branch-misses             #    0.41% of all branches          ( +-  1.53% )

            5.4422 +- 0.0192 seconds time elapsed  ( +-  0.35% )


 Performance counter stats for 'mpirun --bind-to none --allow-run-as-root --oversubscribe -n 16 ./mandelbrot_ompi_pth -0.188 -0.012 0.554 0.754 4096 4' (15 runs):

         37,354.08 msec task-clock                #    7.018 CPUs utilized            ( +-  0.15% )
         1,112,699      context-switches          #    0.030 M/sec                    ( +-  3.58% )
             1,296      cpu-migrations            #    0.035 K/sec                    ( +-  3.51% )
            46,587      page-faults               #    0.001 M/sec                    ( +-  0.23% )
    96,630,187,038      cycles                    #    2.587 GHz                      ( +-  0.16% )
    93,264,331,909      instructions              #    0.97  insn per cycle           ( +-  0.17% )
     8,135,238,355      branches                  #  217.787 M/sec                    ( +-  0.46% )
        33,372,858      branch-misses             #    0.41% of all branches          ( +-  0.81% )

            5.3226 +- 0.0122 seconds time elapsed  ( +-  0.23% )


 Performance counter stats for 'mpirun --bind-to none --allow-run-as-root --oversubscribe -n 16 ./mandelbrot_ompi_pth -0.188 -0.012 0.554 0.754 4096 8' (15 runs):

         36,918.30 msec task-clock                #    7.026 CPUs utilized            ( +-  0.24% )
         1,067,525      context-switches          #    0.029 M/sec                    ( +-  5.07% )
             1,151      cpu-migrations            #    0.031 K/sec                    ( +-  2.73% )
            46,644      page-faults               #    0.001 M/sec                    ( +-  0.25% )
    95,774,122,088      cycles                    #    2.594 GHz                      ( +-  0.21% )
    92,187,918,968      instructions              #    0.96  insn per cycle           ( +-  0.19% )
     7,887,864,980      branches                  #  213.657 M/sec                    ( +-  0.50% )
        32,995,465      branch-misses             #    0.42% of all branches          ( +-  1.11% )

            5.2546 +- 0.0113 seconds time elapsed  ( +-  0.21% )


 Performance counter stats for 'mpirun --bind-to none --allow-run-as-root --oversubscribe -n 16 ./mandelbrot_ompi_pth -0.188 -0.012 0.554 0.754 4096 16' (15 runs):

         36,679.40 msec task-clock                #    7.021 CPUs utilized            ( +-  0.29% )
           917,612      context-switches          #    0.025 M/sec                    ( +-  6.96% )
             1,365      cpu-migrations            #    0.037 K/sec                    ( +-  2.51% )
            47,202      page-faults               #    0.001 M/sec                    ( +-  0.17% )
    95,198,997,393      cycles                    #    2.595 GHz                      ( +-  0.24% )
    91,508,044,946      instructions              #    0.96  insn per cycle           ( +-  0.23% )
     7,729,176,787      branches                  #  210.723 M/sec                    ( +-  0.64% )
        32,034,249      branch-misses             #    0.41% of all branches          ( +-  1.33% )

            5.2246 +- 0.0138 seconds time elapsed  ( +-  0.27% )


 Performance counter stats for 'mpirun --bind-to none --allow-run-as-root --oversubscribe -n 16 ./mandelbrot_ompi_pth -0.188 -0.012 0.554 0.754 4096 32' (15 runs):

         36,805.26 msec task-clock                #    7.012 CPUs utilized            ( +-  0.35% )
           919,018      context-switches          #    0.025 M/sec                    ( +-  5.42% )
             1,431      cpu-migrations            #    0.039 K/sec                    ( +-  3.19% )
            47,383      page-faults               #    0.001 M/sec                    ( +-  0.27% )
    95,292,651,195      cycles                    #    2.589 GHz                      ( +-  0.34% )
    91,611,078,314      instructions              #    0.96  insn per cycle           ( +-  0.38% )
     7,751,224,691      branches                  #  210.601 M/sec                    ( +-  1.03% )
        32,144,025      branch-misses             #    0.41% of all branches          ( +-  1.06% )

            5.2486 +- 0.0190 seconds time elapsed  ( +-  0.36% )


 Performance counter stats for 'mpirun --bind-to none --allow-run-as-root --oversubscribe -n 32 ./mandelbrot_ompi_pth -0.188 -0.012 0.554 0.754 4096 2' (15 runs):

         41,716.40 msec task-clock                #    7.111 CPUs utilized            ( +-  0.46% )
         3,096,833      context-switches          #    0.074 M/sec                    ( +-  2.81% )
             3,271      cpu-migrations            #    0.078 K/sec                    ( +-  2.87% )
            78,880      page-faults               #    0.002 M/sec                    ( +-  0.04% )
   105,267,103,492      cycles                    #    2.523 GHz                      ( +-  0.35% )
   100,088,125,049      instructions              #    0.95  insn per cycle           ( +-  0.34% )
     9,701,175,719      branches                  #  232.551 M/sec                    ( +-  0.81% )
        57,200,930      branch-misses             #    0.59% of all branches          ( +-  1.14% )

            5.8667 +- 0.0444 seconds time elapsed  ( +-  0.76% )


 Performance counter stats for 'mpirun --bind-to none --allow-run-as-root --oversubscribe -n 32 ./mandelbrot_ompi_pth -0.188 -0.012 0.554 0.754 4096 4' (15 runs):

         41,311.52 msec task-clock                #    7.025 CPUs utilized            ( +-  1.25% )
         2,663,952      context-switches          #    0.064 M/sec                    ( +-  3.57% )
             3,552      cpu-migrations            #    0.086 K/sec                    ( +-  8.01% )
            78,967      page-faults               #    0.002 M/sec                    ( +-  0.03% )
   103,634,181,497      cycles                    #    2.509 GHz                      ( +-  0.71% )
    98,433,955,879      instructions              #    0.95  insn per cycle           ( +-  0.83% )
     9,312,192,200      branches                  #  225.414 M/sec                    ( +-  1.99% )
        54,295,983      branch-misses             #    0.58% of all branches          ( +-  1.59% )

             5.881 +- 0.121 seconds time elapsed  ( +-  2.06% )


 Performance counter stats for 'mpirun --bind-to none --allow-run-as-root --oversubscribe -n 32 ./mandelbrot_ompi_pth -0.188 -0.012 0.554 0.754 4096 8' (15 runs):

         39,751.34 msec task-clock                #    7.023 CPUs utilized            ( +-  0.49% )
         2,068,021      context-switches          #    0.052 M/sec                    ( +-  3.69% )
             3,839      cpu-migrations            #    0.097 K/sec                    ( +-  5.25% )
            79,243      page-faults               #    0.002 M/sec                    ( +-  0.04% )
   101,654,577,864      cycles                    #    2.557 GHz                      ( +-  0.36% )
    96,296,899,880      instructions              #    0.95  insn per cycle           ( +-  0.33% )
     8,812,264,117      branches                  #  221.685 M/sec                    ( +-  0.81% )
        50,088,710      branch-misses             #    0.57% of all branches          ( +-  1.10% )

            5.6605 +- 0.0386 seconds time elapsed  ( +-  0.68% )


 Performance counter stats for 'mpirun --bind-to none --allow-run-as-root --oversubscribe -n 32 ./mandelbrot_ompi_pth -0.188 -0.012 0.554 0.754 4096 16' (15 runs):

         39,252.39 msec task-clock                #    6.937 CPUs utilized            ( +-  0.53% )
         1,721,169      context-switches          #    0.044 M/sec                    ( +-  6.25% )
             4,220      cpu-migrations            #    0.108 K/sec                    ( +-  5.01% )
            79,752      page-faults               #    0.002 M/sec                    ( +-  0.03% )
   100,284,943,695      cycles                    #    2.555 GHz                      ( +-  0.46% )
    95,095,070,447      instructions              #    0.95  insn per cycle           ( +-  0.40% )
     8,531,142,102      branches                  #  217.341 M/sec                    ( +-  1.04% )
        47,748,466      branch-misses             #    0.56% of all branches          ( +-  1.69% )

            5.6584 +- 0.0324 seconds time elapsed  ( +-  0.57% )


 Performance counter stats for 'mpirun --bind-to none --allow-run-as-root --oversubscribe -n 32 ./mandelbrot_ompi_pth -0.188 -0.012 0.554 0.754 4096 32' (15 runs):

         38,705.34 msec task-clock                #    7.047 CPUs utilized            ( +-  0.47% )
         1,811,099      context-switches          #    0.047 M/sec                    ( +-  7.02% )
             3,807      cpu-migrations            #    0.098 K/sec                    ( +-  5.85% )
            80,751      page-faults               #    0.002 M/sec                    ( +-  0.04% )
   100,094,865,911      cycles                    #    2.586 GHz                      ( +-  0.42% )
    94,818,203,825      instructions              #    0.95  insn per cycle           ( +-  0.31% )
     8,469,701,936      branches                  #  218.825 M/sec                    ( +-  0.81% )
        48,170,141      branch-misses             #    0.57% of all branches          ( +-  1.94% )

            5.4923 +- 0.0385 seconds time elapsed  ( +-  0.70% )


 Performance counter stats for 'mpirun --bind-to none --allow-run-as-root --oversubscribe -n 64 ./mandelbrot_ompi_pth -0.188 -0.012 0.554 0.754 4096 2' (15 runs):

         46,158.55 msec task-clock                #    7.297 CPUs utilized            ( +-  0.32% )
         4,320,128      context-switches          #    0.094 M/sec                    ( +-  1.42% )
            16,472      cpu-migrations            #    0.357 K/sec                    ( +-  9.64% )
           143,696      page-faults               #    0.003 M/sec                    ( +-  0.04% )
   116,404,054,239      cycles                    #    2.522 GHz                      ( +-  0.26% )
   106,926,770,140      instructions              #    0.92  insn per cycle           ( +-  0.20% )
    11,209,767,943      branches                  #  242.854 M/sec                    ( +-  0.45% )
        88,459,718      branch-misses             #    0.79% of all branches          ( +-  0.61% )

            6.3260 +- 0.0208 seconds time elapsed  ( +-  0.33% )


 Performance counter stats for 'mpirun --bind-to none --allow-run-as-root --oversubscribe -n 64 ./mandelbrot_ompi_pth -0.188 -0.012 0.554 0.754 4096 4' (15 runs):

         44,845.41 msec task-clock                #    7.253 CPUs utilized            ( +-  0.26% )
         3,536,764      context-switches          #    0.079 M/sec                    ( +-  1.59% )
            16,834      cpu-migrations            #    0.375 K/sec                    ( +-  9.28% )
           143,890      page-faults               #    0.003 M/sec                    ( +-  0.04% )
   113,250,419,772      cycles                    #    2.525 GHz                      ( +-  0.22% )
   104,308,895,072      instructions              #    0.92  insn per cycle           ( +-  0.17% )
    10,598,089,371      branches                  #  236.325 M/sec                    ( +-  0.39% )
        82,831,327      branch-misses             #    0.78% of all branches          ( +-  0.56% )

            6.1827 +- 0.0180 seconds time elapsed  ( +-  0.29% )


 Performance counter stats for 'mpirun --bind-to none --allow-run-as-root --oversubscribe -n 64 ./mandelbrot_ompi_pth -0.188 -0.012 0.554 0.754 4096 8' (15 runs):

         44,644.58 msec task-clock                #    7.226 CPUs utilized            ( +-  0.55% )
         3,259,829      context-switches          #    0.073 M/sec                    ( +-  3.20% )
            18,044      cpu-migrations            #    0.404 K/sec                    ( +-  8.38% )
           144,507      page-faults               #    0.003 M/sec                    ( +-  0.03% )
   112,317,601,698      cycles                    #    2.516 GHz                      ( +-  0.45% )
   103,456,286,808      instructions              #    0.92  insn per cycle           ( +-  0.30% )
    10,398,348,969      branches                  #  232.914 M/sec                    ( +-  0.70% )
        80,885,270      branch-misses             #    0.78% of all branches          ( +-  1.14% )

            6.1782 +- 0.0399 seconds time elapsed  ( +-  0.65% )


 Performance counter stats for 'mpirun --bind-to none --allow-run-as-root --oversubscribe -n 64 ./mandelbrot_ompi_pth -0.188 -0.012 0.554 0.754 4096 16' (15 runs):

         44,088.24 msec task-clock                #    7.232 CPUs utilized            ( +-  0.37% )
         2,991,056      context-switches          #    0.068 M/sec                    ( +-  3.15% )
            18,384      cpu-migrations            #    0.417 K/sec                    ( +-  9.54% )
           145,551      page-faults               #    0.003 M/sec                    ( +-  0.03% )
   111,330,544,073      cycles                    #    2.525 GHz                      ( +-  0.32% )
   102,679,711,501      instructions              #    0.92  insn per cycle           ( +-  0.24% )
    10,215,224,651      branches                  #  231.700 M/sec                    ( +-  0.56% )
        79,279,380      branch-misses             #    0.78% of all branches          ( +-  0.99% )

            6.0961 +- 0.0169 seconds time elapsed  ( +-  0.28% )


 Performance counter stats for 'mpirun --bind-to none --allow-run-as-root --oversubscribe -n 64 ./mandelbrot_ompi_pth -0.188 -0.012 0.554 0.754 4096 32' (15 runs):

         44,266.07 msec task-clock                #    7.243 CPUs utilized            ( +-  0.40% )
         2,980,274      context-switches          #    0.067 M/sec                    ( +-  3.05% )
            18,268      cpu-migrations            #    0.413 K/sec                    ( +-  8.94% )
           147,612      page-faults               #    0.003 M/sec                    ( +-  0.04% )
   111,578,665,776      cycles                    #    2.521 GHz                      ( +-  0.34% )
   102,682,358,186      instructions              #    0.92  insn per cycle           ( +-  0.22% )
    10,213,869,856      branches                  #  230.738 M/sec                    ( +-  0.51% )
        79,170,483      branch-misses             #    0.78% of all branches          ( +-  0.90% )

            6.1115 +- 0.0250 seconds time elapsed  ( +-  0.41% )

